#
# A fatal error has been detected by the Java Runtime Environment:
#
#  EXCEPTION_ACCESS_VIOLATION (0xc0000005) at pc=0x00000181dcaade0f, pid=10168, tid=3636
#
# JRE version: Java(TM) SE Runtime Environment (14.0.1+7) (build 14.0.1+7)
# Java VM: Java HotSpot(TM) 64-Bit Server VM (14.0.1+7, mixed mode, sharing, tiered, compressed oops, g1 gc, windows-amd64)
# Problematic frame:
# j  question.MaxConscecOnesAfterModify.main([Ljava/lang/String;)V+28
#
# No core dump will be written. Minidumps are not enabled by default on client versions of Windows
#
# If you would like to submit a bug report, please visit:
#   https://bugreport.java.com/bugreport/crash.jsp
#

---------------  S U M M A R Y ------------

Command Line: -agentlib:jdwp=transport=dt_socket,suspend=y,address=localhost:51843 -javaagent:C:\Users\ASUS\eclipse\java-2020-06\eclipse\configuration\org.eclipse.osgi\222\0\.cp\lib\javaagent-shaded.jar -Dfile.encoding=Cp1252 question.MaxConscecOnesAfterModify

Host: Intel(R) Core(TM) i5-8250U CPU @ 1.60GHz, 8 cores, 7G,  Windows 10 , 64 bit Build 19041 (10.0.19041.1706)
Time: Wed Aug 10 22:22:14 2022 US Eastern Daylight Time elapsed time: 393 seconds (0d 0h 6m 33s)

---------------  T H R E A D  ---------------

Current thread (0x00000181d42cc000):  JavaThread "main" [_thread_in_Java, id=3636, stack(0x000000597bb00000,0x000000597bc00000)]

Stack: [0x000000597bb00000,0x000000597bc00000],  sp=0x000000597bbff138,  free space=1020k
Native frames: (J=compiled Java code, j=interpreted, Vv=VM code, C=native code)
C  0x00000181dcaade0f


siginfo: EXCEPTION_ACCESS_VIOLATION (0xc0000005), reading address 0x00000181f392c950


Register to memory mapping:

RIP=0x00000181dcaade0f is at code_begin+79 in an Interpreter codelet
invokestatic  184 invokestatic  [0x00000181dcaaddc0, 0x00000181dcaae1a0]  992 bytes
RAX=0x0 is NULL
RBX=0x00000000000000b8 is an unknown value
RCX=0x00000181f37988f0 is pointing into metadata
RDX=0x0000000000032808 is an unknown value
RSP=0x000000597bbff138 is pointing into the stack for thread: 0x00000181d42cc000
RBP=0x000000597bbff198 is pointing into the stack for thread: 0x00000181d42cc000
RSI=0x000000597bbff610 is pointing into the stack for thread: 0x00000181d42cc000
RDI=0x0000000000000001 is an unknown value
R8 =0x0000000000000002 is an unknown value
R9 =0x0000000000000002 is an unknown value
R10=0x00007ffe979f6a80 jvm.dll
R11={method} {0x00000181f3798448} 'main' '([Ljava/lang/String;)V' in 'question/MaxConscecOnesAfterModify'
R12=0x0 is NULL
R13=0x00000181f37983fc is pointing into metadata
R14=0x000000597bbff1c0 is pointing into the stack for thread: 0x00000181d42cc000
R15=0x00000181d42cc000 is a thread


Registers:
RAX=0x0000000000000000, RBX=0x00000000000000b8, RCX=0x00000181f37988f0, RDX=0x0000000000032808
RSP=0x000000597bbff138, RBP=0x000000597bbff198, RSI=0x000000597bbff610, RDI=0x0000000000000001
R8 =0x0000000000000002, R9 =0x0000000000000002, R10=0x00007ffe979f6a80, R11=0x00000181f3798440
R12=0x0000000000000000, R13=0x00000181f37983fc, R14=0x000000597bbff1c0, R15=0x00000181d42cc000
RIP=0x00000181dcaade0f, EFLAGS=0x0000000000010202

Top of Stack: (sp=0x000000597bbff138)
0x000000597bbff138:   000000000000000a 0000000089789ca8
0x000000597bbff148:   0000000089b11eb0 000000597bbff150
0x000000597bbff158:   00000181f37983fc 000000597bbff1c0
0x000000597bbff168:   00000181f37988f0 0000000000000000
0x000000597bbff178:   00000000897899f0 00000181f3798440
0x000000597bbff188:   0000000000000000 000000597bbff1c0
0x000000597bbff198:   000000597bbff3a0 00000181dca80f90
0x000000597bbff1a8:   0000000089789ca8 0000000000000002
0x000000597bbff1b8:   000000000000000a 0000000089789c98
0x000000597bbff1c8:   0000000000000050 0000000000000040
0x000000597bbff1d8:   0000000000000020 00000181d2020000
0x000000597bbff1e8:   00007ffe97206c72 0000000000000005
0x000000597bbff1f8:   00007ffeea0fb3c7 00000181d2200000
0x000000597bbff208:   0000000000000000 0000000000000040
0x000000597bbff218:   0000018100000000 00000181d42bd0e0
0x000000597bbff228:   00007ffe97206c72 00000002d42bd1c8 

Instructions: (pc=0x00000181dcaade0f)
0x00000181dcaadd0f:   00 00 00 08 00 00 00 4d 03 ec 4d 33 e4 4c 33 68
0x00000181dcaadd1f:   08 49 f7 c5 fc ff ff ff 74 38 49 f7 c5 02 00 00
0x00000181dcaadd2f:   00 75 2f 48 81 78 08 00 00 00 00 74 21 48 81 78
0x00000181dcaadd3f:   08 01 00 00 00 74 17 4c 33 68 08 49 f7 c5 fc ff
0x00000181dcaadd4f:   ff ff 74 0e 48 81 48 08 02 00 00 00 eb 04 4c 89
0x00000181dcaadd5f:   68 08 48 83 c0 10 4c 8b 68 d8 41 83 ed 04 41 c1
0x00000181dcaadd6f:   e5 03 49 03 c5 48 89 45 d8 4c 8d 6c 24 08 4c 89
0x00000181dcaadd7f:   6d f0 41 80 bf 58 04 00 00 00 74 03 ff 63 30 ff
0x00000181dcaadd8f:   63 48 0f 1f 80 00 00 00 00 00 00 00 00 00 00 00
0x00000181dcaadd9f:   00 00 04 00 00 00 00 00 00 40 9b 79 97 fe 7f 00
0x00000181dcaaddaf:   00 b8 00 00 00 00 00 00 00 00 00 00 00 00 00 00
0x00000181dcaaddbf:   00 50 e9 39 00 00 00 48 83 ec 08 c5 fa 11 04 24
0x00000181dcaaddcf:   e9 2b 00 00 00 48 83 ec 10 c5 fb 11 04 24 e9 1d
0x00000181dcaadddf:   00 00 00 48 83 ec 10 48 89 04 24 49 ba 00 00 00
0x00000181dcaaddef:   00 00 00 00 00 4c 89 54 24 08 e9 01 00 00 00 50
0x00000181dcaaddff:   4c 89 6d c0 41 0f b7 55 01 48 8b 4d d0 c1 e2 02
0x00000181dcaade0f:   8b 5c d1 20 c1 eb 10 81 e3 ff 00 00 00 81 fb b8
0x00000181dcaade1f:   00 00 00 0f 84 8a 01 00 00 bb b8 00 00 00 e8 05
0x00000181dcaade2f:   00 00 00 e9 6f 01 00 00 48 8b d3 48 8d 44 24 08
0x00000181dcaade3f:   4c 89 6d c0 49 8b cf c5 f8 77 49 89 af 00 03 00
0x00000181dcaade4f:   00 49 89 87 f0 02 00 00 48 83 ec 20 f7 c4 0f 00
0x00000181dcaade5f:   00 00 0f 84 1a 00 00 00 48 83 ec 08 49 ba a0 a1
0x00000181dcaade6f:   2b 97 fe 7f 00 00 41 ff d2 48 83 c4 08 e9 0d 00
0x00000181dcaade7f:   00 00 49 ba a0 a1 2b 97 fe 7f 00 00 41 ff d2 48
0x00000181dcaade8f:   83 c4 20 49 ba 00 00 00 00 00 00 00 00 4d 89 97
0x00000181dcaade9f:   f0 02 00 00 49 ba 00 00 00 00 00 00 00 00 4d 89
0x00000181dcaadeaf:   97 00 03 00 00 49 ba 00 00 00 00 00 00 00 00 4d
0x00000181dcaadebf:   89 97 f8 02 00 00 c5 f8 77 41 8b 8f 14 04 00 00
0x00000181dcaadecf:   f7 c1 01 00 00 00 0f 84 49 00 00 00 f7 c1 02 00
0x00000181dcaadedf:   00 00 0f 85 3d 00 00 00 48 83 ec 20 f7 c4 0f 00
0x00000181dcaadeef:   00 00 0f 84 1a 00 00 00 48 83 ec 08 49 ba b0 3b
0x00000181dcaadeff:   2b 97 fe 7f 00 00 41 ff d2 48 83 c4 08 e9 0d 00 


Stack slot to memory mapping:
stack at sp + 0 slots: 0x000000000000000a is an unknown value
stack at sp + 1 slots: 0x0000000089789ca8 is an oop: [I 
{0x0000000089789ca8} - klass: {type array int}
 - length: 3
stack at sp + 2 slots: 0x0000000089b11eb0 is an oop: java.io.PrintStream 
{0x0000000089b11eb0} - klass: 'java/io/PrintStream'
stack at sp + 3 slots: 0x000000597bbff150 is pointing into the stack for thread: 0x00000181d42cc000
stack at sp + 4 slots: 0x00000181f37983fc is pointing into metadata
stack at sp + 5 slots: 0x000000597bbff1c0 is pointing into the stack for thread: 0x00000181d42cc000
stack at sp + 6 slots: 0x00000181f37988f0 is pointing into metadata
stack at sp + 7 slots: 0x0 is NULL

invokestatic  184 invokestatic  [0x00000181dcaaddc0, 0x00000181dcaae1a0]  992 bytes
[MachCode]
  0x00000181dcaaddc0: 50e9 3900 | 0000 4883 | ec08 c5fa | 1104 24e9 | 2b00 0000 | 4883 ec10 | c5fb 1104 | 24e9 1d00 
  0x00000181dcaadde0: 0000 4883 | ec10 4889 | 0424 49ba | 0000 0000 | 0000 0000 | 4c89 5424 | 08e9 0100 | 0000 504c 
  0x00000181dcaade00: 896d c041 | 0fb7 5501 | 488b 4dd0 | c1e2 028b | 5cd1 20c1 | eb10 81e3 | ff00 0000 | 81fb b800 
  0x00000181dcaade20: 0000 0f84 | 8a01 0000 | bbb8 0000 | 00e8 0500 | 0000 e96f | 0100 0048 | 8bd3 488d | 4424 084c 
  0x00000181dcaade40: 896d c049 | 8bcf c5f8 | 7749 89af | 0003 0000 | 4989 87f0 | 0200 0048 | 83ec 20f7 | c40f 0000 
  0x00000181dcaade60: 000f 841a | 0000 0048 | 83ec 0849 | baa0 a12b | 97fe 7f00 | 0041 ffd2 | 4883 c408 | e90d 0000 
  0x00000181dcaade80: 0049 baa0 | a12b 97fe | 7f00 0041 | ffd2 4883 | c420 49ba | 0000 0000 | 0000 0000 | 4d89 97f0 
  0x00000181dcaadea0: 0200 0049 | ba00 0000 | 0000 0000 | 004d 8997 | 0003 0000 | 49ba 0000 | 0000 0000 | 0000 4d89 
  0x00000181dcaadec0: 97f8 0200 | 00c5 f877 | 418b 8f14 | 0400 00f7 | c101 0000 | 000f 8449 | 0000 00f7 | c102 0000 
  0x00000181dcaadee0: 000f 853d | 0000 0048 | 83ec 20f7 | c40f 0000 | 000f 841a | 0000 0048 | 83ec 0849 | bab0 3b2b 
  0x00000181dcaadf00: 97fe 7f00 | 0041 ffd2 | 4883 c408 | e90d 0000 | 0049 bab0 | 3b2b 97fe | 7f00 0041 | ffd2 4883 
  0x00000181dcaadf20: c420 ffe0 | 498b 8f50 | 0400 0048 | 85c9 0f84 | 5600 0000 | 8b49 7c83 | f901 0f85 | 4a00 0000 
  0x00000181dcaadf40: 498b 8f50 | 0400 008b | 8980 0000 | 0048 83ec | 20f7 c40f | 0000 000f | 841a 0000 | 0048 83ec 
  0x00000181dcaadf60: 0849 baa0 | 3b2b 97fe | 7f00 0041 | ffd2 4883 | c408 e90d | 0000 0049 | baa0 3b2b | 97fe 7f00 
  0x00000181dcaadf80: 0041 ffd2 | 4883 c420 | ffe0 4981 | 7f08 0000 | 0000 0f84 | 0500 0000 | e9e3 2efd | ff4c 8b6d 
  0x00000181dcaadfa0: c04c 8b75 | c8c3 410f | b755 0148 | 8b4d d0c1 | e202 488b | 5cd1 2848 | 8b5b 0848 | 8b5b 0848 
  0x00000181dcaadfc0: 8b5b 1880 | bb9a 0100 | 0004 0f84 | 0d00 0000 | 4c3b bb48 | 0100 000f | 854b feff | ff48 8b5c 
  0x00000181dcaadfe0: d128 8b54 | d138 c1ea | 1c49 ba90 | d19e 97fe | 7f00 0049 | 8b14 d252 | 488b 45d8 | 4885 c00f 
  0x00000181dcaae000: 8412 0000 | 0048 8340 | 0801 4883 | 5808 0048 | 83c0 1048 | 8945 d848 | 8b45 d848 | 85c0 0f84 
  0x00000181dcaae020: 4f01 0000 | 8078 f00a | 0f85 4501 | 0000 4883 | c008 4c8b | 68f8 4183 | ed00 4183 | fd02 0f8c 
  0x00000181dcaae040: 2401 0000 | 4c8b 6b08 | 450f b76d | 344c 2b28 | 4183 ed01 | 4e8b 6cec | 084d 85ed | 750a 4881 
  0x00000181dcaae060: 4808 0100 | 0000 eb5d | 458b 6d08 | 49c1 e503 | 49bc 0000 | 0000 0800 | 0000 4d03 | ec4d 33e4 
  0x00000181dcaae080: 4c33 6808 | 49f7 c5fc | ffff ff74 | 3849 f7c5 | 0200 0000 | 752f 4881 | 7808 0000 | 0000 7421 
  0x00000181dcaae0a0: 4881 7808 | 0100 0000 | 7417 4c33 | 6808 49f7 | c5fc ffff | ff74 0e48 | 8148 0802 | 0000 00eb 
  0x00000181dcaae0c0: 044c 8968 | 0848 83c0 | 104c 8b68 | e841 83ed | 0241 83fd | 020f 8c8d | 0000 004c | 8b6b 0845 
  0x00000181dcaae0e0: 0fb7 6d34 | 4c2b 2841 | 83ed 014e | 8b6c ec08 | 4d85 ed75 | 0a48 8148 | 0801 0000 | 00eb 5d45 
  0x00000181dcaae100: 8b6d 0849 | c1e5 0349 | bc00 0000 | 0008 0000 | 004d 03ec | 4d33 e44c | 3368 0849 | f7c5 fcff 
  0x00000181dcaae120: ffff 7438 | 49f7 c502 | 0000 0075 | 2f48 8178 | 0800 0000 | 0074 2148 | 8178 0801 | 0000 0074 
  0x00000181dcaae140: 174c 3368 | 0849 f7c5 | fcff ffff | 740e 4881 | 4808 0200 | 0000 eb04 | 4c89 6808 | 4883 c010 
  0x00000181dcaae160: 4c8b 68d8 | 4183 ed04 | 41c1 e503 | 4903 c548 | 8945 d84c | 8d6c 2408 | 4c89 6df0 | 4180 bf58 
  0x00000181dcaae180: 0400 0000 | 7403 ff63 | 30ff 6348 | 0f1f 4000 | 0000 0000 | 0000 0000 | 0000 0000 | 0000 0000 
[/MachCode]

---------------  P R O C E S S  ---------------

Threads class SMR info:
_java_thread_list=0x00000181f3f07e10, length=14, elements={
0x00000181d42cc000, 0x00000181f32f2000, 0x00000181f32f3000, 0x00000181f3312800,
0x00000181f3314800, 0x00000181f3315800, 0x00000181f331e800, 0x00000181f332b800,
0x00000181f3341800, 0x00000181f3d70800, 0x00000181f3eec800, 0x00000181f3e23800,
0x00000181f3e29000, 0x00000181f3d6b800
}

Java Threads: ( => current thread )
=>0x00000181d42cc000 JavaThread "main" [_thread_in_Java, id=3636, stack(0x000000597bb00000,0x000000597bc00000)]
  0x00000181f32f2000 JavaThread "Reference Handler" daemon [_thread_blocked, id=1492, stack(0x000000597c200000,0x000000597c300000)]
  0x00000181f32f3000 JavaThread "Finalizer" daemon [_thread_blocked, id=15180, stack(0x000000597c300000,0x000000597c400000)]
  0x00000181f3312800 JavaThread "Signal Dispatcher" daemon [_thread_blocked, id=9264, stack(0x000000597c400000,0x000000597c500000)]
  0x00000181f3314800 JavaThread "Attach Listener" daemon [_thread_blocked, id=6328, stack(0x000000597c500000,0x000000597c600000)]
  0x00000181f3315800 JavaThread "Service Thread" daemon [_thread_blocked, id=3360, stack(0x000000597c600000,0x000000597c700000)]
  0x00000181f331e800 JavaThread "C2 CompilerThread0" daemon [_thread_blocked, id=11012, stack(0x000000597c700000,0x000000597c800000)]
  0x00000181f332b800 JavaThread "C1 CompilerThread0" daemon [_thread_blocked, id=10296, stack(0x000000597c800000,0x000000597c900000)]
  0x00000181f3341800 JavaThread "Sweeper thread" daemon [_thread_blocked, id=13020, stack(0x000000597c900000,0x000000597ca00000)]
  0x00000181f3d70800 JavaThread "Common-Cleaner" daemon [_thread_blocked, id=10068, stack(0x000000597ca00000,0x000000597cb00000)]
  0x00000181f3eec800 JavaThread "JDWP Transport Listener: dt_socket" daemon [_thread_blocked, id=13532, stack(0x000000597cc00000,0x000000597cd00000)]
  0x00000181f3e23800 JavaThread "JDWP Event Helper Thread" daemon [_thread_blocked, id=10108, stack(0x000000597cd00000,0x000000597ce00000)]
  0x00000181f3e29000 JavaThread "JDWP Command Reader" daemon [_thread_in_native, id=7896, stack(0x000000597ce00000,0x000000597cf00000)]
  0x00000181f3d6b800 JavaThread "Notification Thread" daemon [_thread_blocked, id=19400, stack(0x000000597cb00000,0x000000597cc00000)]

Other Threads:
  0x00000181f32f1000 VMThread "VM Thread" [stack: 0x000000597c100000,0x000000597c200000] [id=7940]
  0x00000181f3f4c800 WatcherThread [stack: 0x000000597cf00000,0x000000597d000000] [id=9908]
  0x00000181d4310800 GCTaskThread "GC Thread#0" [stack: 0x000000597bc00000,0x000000597bd00000] [id=18320]
  0x00000181d4321800 ConcurrentGCThread "G1 Main Marker" [stack: 0x000000597bd00000,0x000000597be00000] [id=9432]
  0x00000181d4323800 ConcurrentGCThread "G1 Conc#0" [stack: 0x000000597be00000,0x000000597bf00000] [id=6272]
  0x00000181d43ad800 ConcurrentGCThread "G1 Refine#0" [stack: 0x000000597bf00000,0x000000597c000000] [id=18068]
  0x00000181d43ae800 ConcurrentGCThread "G1 Young RemSet Sampling" [stack: 0x000000597c000000,0x000000597c100000] [id=12140]

Threads with active compile tasks:

VM state:not at safepoint (normal execution)

VM Mutex/Monitor currently owned by a thread: None

Heap address: 0x0000000081c00000, size: 2020 MB, Compressed Oops mode: 32-bit
Narrow klass base: 0x0000000800000000, Narrow klass shift: 3
Compressed class space size: 1073741824 Address: 0x0000000800b30000

Heap:
 garbage-first heap   total 131072K, used 4096K [0x0000000081c00000, 0x0000000100000000)
  region size 1024K, 5 young (5120K), 0 survivors (0K)
 Metaspace       used 2665K, capacity 4845K, committed 5120K, reserved 1056768K
  class space    used 252K, capacity 443K, committed 512K, reserved 1048576K
Heap Regions: E=young(eden), S=young(survivor), O=old, HS=humongous(starts), HC=humongous(continues), CS=collection set, F=free, OA=open archive, CA=closed archive, TAMS=top-at-mark-start (previous, next)
|   0|0x0000000081c00000, 0x0000000081c00000, 0x0000000081d00000|  0%| F|  |TAMS 0x0000000081c00000, 0x0000000081c00000| Untracked 
|   1|0x0000000081d00000, 0x0000000081d00000, 0x0000000081e00000|  0%| F|  |TAMS 0x0000000081d00000, 0x0000000081d00000| Untracked 
|   2|0x0000000081e00000, 0x0000000081e00000, 0x0000000081f00000|  0%| F|  |TAMS 0x0000000081e00000, 0x0000000081e00000| Untracked 
|   3|0x0000000081f00000, 0x0000000081f00000, 0x0000000082000000|  0%| F|  |TAMS 0x0000000081f00000, 0x0000000081f00000| Untracked 
|   4|0x0000000082000000, 0x0000000082000000, 0x0000000082100000|  0%| F|  |TAMS 0x0000000082000000, 0x0000000082000000| Untracked 
|   5|0x0000000082100000, 0x0000000082100000, 0x0000000082200000|  0%| F|  |TAMS 0x0000000082100000, 0x0000000082100000| Untracked 
|   6|0x0000000082200000, 0x0000000082200000, 0x0000000082300000|  0%| F|  |TAMS 0x0000000082200000, 0x0000000082200000| Untracked 
|   7|0x0000000082300000, 0x0000000082300000, 0x0000000082400000|  0%| F|  |TAMS 0x0000000082300000, 0x0000000082300000| Untracked 
|   8|0x0000000082400000, 0x0000000082400000, 0x0000000082500000|  0%| F|  |TAMS 0x0000000082400000, 0x0000000082400000| Untracked 
|   9|0x0000000082500000, 0x0000000082500000, 0x0000000082600000|  0%| F|  |TAMS 0x0000000082500000, 0x0000000082500000| Untracked 
|  10|0x0000000082600000, 0x0000000082600000, 0x0000000082700000|  0%| F|  |TAMS 0x0000000082600000, 0x0000000082600000| Untracked 
|  11|0x0000000082700000, 0x0000000082700000, 0x0000000082800000|  0%| F|  |TAMS 0x0000000082700000, 0x0000000082700000| Untracked 
|  12|0x0000000082800000, 0x0000000082800000, 0x0000000082900000|  0%| F|  |TAMS 0x0000000082800000, 0x0000000082800000| Untracked 
|  13|0x0000000082900000, 0x0000000082900000, 0x0000000082a00000|  0%| F|  |TAMS 0x0000000082900000, 0x0000000082900000| Untracked 
|  14|0x0000000082a00000, 0x0000000082a00000, 0x0000000082b00000|  0%| F|  |TAMS 0x0000000082a00000, 0x0000000082a00000| Untracked 
|  15|0x0000000082b00000, 0x0000000082b00000, 0x0000000082c00000|  0%| F|  |TAMS 0x0000000082b00000, 0x0000000082b00000| Untracked 
|  16|0x0000000082c00000, 0x0000000082c00000, 0x0000000082d00000|  0%| F|  |TAMS 0x0000000082c00000, 0x0000000082c00000| Untracked 
|  17|0x0000000082d00000, 0x0000000082d00000, 0x0000000082e00000|  0%| F|  |TAMS 0x0000000082d00000, 0x0000000082d00000| Untracked 
|  18|0x0000000082e00000, 0x0000000082e00000, 0x0000000082f00000|  0%| F|  |TAMS 0x0000000082e00000, 0x0000000082e00000| Untracked 
|  19|0x0000000082f00000, 0x0000000082f00000, 0x0000000083000000|  0%| F|  |TAMS 0x0000000082f00000, 0x0000000082f00000| Untracked 
|  20|0x0000000083000000, 0x0000000083000000, 0x0000000083100000|  0%| F|  |TAMS 0x0000000083000000, 0x0000000083000000| Untracked 
|  21|0x0000000083100000, 0x0000000083100000, 0x0000000083200000|  0%| F|  |TAMS 0x0000000083100000, 0x0000000083100000| Untracked 
|  22|0x0000000083200000, 0x0000000083200000, 0x0000000083300000|  0%| F|  |TAMS 0x0000000083200000, 0x0000000083200000| Untracked 
|  23|0x0000000083300000, 0x0000000083300000, 0x0000000083400000|  0%| F|  |TAMS 0x0000000083300000, 0x0000000083300000| Untracked 
|  24|0x0000000083400000, 0x0000000083400000, 0x0000000083500000|  0%| F|  |TAMS 0x0000000083400000, 0x0000000083400000| Untracked 
|  25|0x0000000083500000, 0x0000000083500000, 0x0000000083600000|  0%| F|  |TAMS 0x0000000083500000, 0x0000000083500000| Untracked 
|  26|0x0000000083600000, 0x0000000083600000, 0x0000000083700000|  0%| F|  |TAMS 0x0000000083600000, 0x0000000083600000| Untracked 
|  27|0x0000000083700000, 0x0000000083700000, 0x0000000083800000|  0%| F|  |TAMS 0x0000000083700000, 0x0000000083700000| Untracked 
|  28|0x0000000083800000, 0x0000000083800000, 0x0000000083900000|  0%| F|  |TAMS 0x0000000083800000, 0x0000000083800000| Untracked 
|  29|0x0000000083900000, 0x0000000083900000, 0x0000000083a00000|  0%| F|  |TAMS 0x0000000083900000, 0x0000000083900000| Untracked 
|  30|0x0000000083a00000, 0x0000000083a00000, 0x0000000083b00000|  0%| F|  |TAMS 0x0000000083a00000, 0x0000000083a00000| Untracked 
|  31|0x0000000083b00000, 0x0000000083b00000, 0x0000000083c00000|  0%| F|  |TAMS 0x0000000083b00000, 0x0000000083b00000| Untracked 
|  32|0x0000000083c00000, 0x0000000083c00000, 0x0000000083d00000|  0%| F|  |TAMS 0x0000000083c00000, 0x0000000083c00000| Untracked 
|  33|0x0000000083d00000, 0x0000000083d00000, 0x0000000083e00000|  0%| F|  |TAMS 0x0000000083d00000, 0x0000000083d00000| Untracked 
|  34|0x0000000083e00000, 0x0000000083e00000, 0x0000000083f00000|  0%| F|  |TAMS 0x0000000083e00000, 0x0000000083e00000| Untracked 
|  35|0x0000000083f00000, 0x0000000083f00000, 0x0000000084000000|  0%| F|  |TAMS 0x0000000083f00000, 0x0000000083f00000| Untracked 
|  36|0x0000000084000000, 0x0000000084000000, 0x0000000084100000|  0%| F|  |TAMS 0x0000000084000000, 0x0000000084000000| Untracked 
|  37|0x0000000084100000, 0x0000000084100000, 0x0000000084200000|  0%| F|  |TAMS 0x0000000084100000, 0x0000000084100000| Untracked 
|  38|0x0000000084200000, 0x0000000084200000, 0x0000000084300000|  0%| F|  |TAMS 0x0000000084200000, 0x0000000084200000| Untracked 
|  39|0x0000000084300000, 0x0000000084300000, 0x0000000084400000|  0%| F|  |TAMS 0x0000000084300000, 0x0000000084300000| Untracked 
|  40|0x0000000084400000, 0x0000000084400000, 0x0000000084500000|  0%| F|  |TAMS 0x0000000084400000, 0x0000000084400000| Untracked 
|  41|0x0000000084500000, 0x0000000084500000, 0x0000000084600000|  0%| F|  |TAMS 0x0000000084500000, 0x0000000084500000| Untracked 
|  42|0x0000000084600000, 0x0000000084600000, 0x0000000084700000|  0%| F|  |TAMS 0x0000000084600000, 0x0000000084600000| Untracked 
|  43|0x0000000084700000, 0x0000000084700000, 0x0000000084800000|  0%| F|  |TAMS 0x0000000084700000, 0x0000000084700000| Untracked 
|  44|0x0000000084800000, 0x0000000084800000, 0x0000000084900000|  0%| F|  |TAMS 0x0000000084800000, 0x0000000084800000| Untracked 
|  45|0x0000000084900000, 0x0000000084900000, 0x0000000084a00000|  0%| F|  |TAMS 0x0000000084900000, 0x0000000084900000| Untracked 
|  46|0x0000000084a00000, 0x0000000084a00000, 0x0000000084b00000|  0%| F|  |TAMS 0x0000000084a00000, 0x0000000084a00000| Untracked 
|  47|0x0000000084b00000, 0x0000000084b00000, 0x0000000084c00000|  0%| F|  |TAMS 0x0000000084b00000, 0x0000000084b00000| Untracked 
|  48|0x0000000084c00000, 0x0000000084c00000, 0x0000000084d00000|  0%| F|  |TAMS 0x0000000084c00000, 0x0000000084c00000| Untracked 
|  49|0x0000000084d00000, 0x0000000084d00000, 0x0000000084e00000|  0%| F|  |TAMS 0x0000000084d00000, 0x0000000084d00000| Untracked 
|  50|0x0000000084e00000, 0x0000000084e00000, 0x0000000084f00000|  0%| F|  |TAMS 0x0000000084e00000, 0x0000000084e00000| Untracked 
|  51|0x0000000084f00000, 0x0000000084f00000, 0x0000000085000000|  0%| F|  |TAMS 0x0000000084f00000, 0x0000000084f00000| Untracked 
|  52|0x0000000085000000, 0x0000000085000000, 0x0000000085100000|  0%| F|  |TAMS 0x0000000085000000, 0x0000000085000000| Untracked 
|  53|0x0000000085100000, 0x0000000085100000, 0x0000000085200000|  0%| F|  |TAMS 0x0000000085100000, 0x0000000085100000| Untracked 
|  54|0x0000000085200000, 0x0000000085200000, 0x0000000085300000|  0%| F|  |TAMS 0x0000000085200000, 0x0000000085200000| Untracked 
|  55|0x0000000085300000, 0x0000000085300000, 0x0000000085400000|  0%| F|  |TAMS 0x0000000085300000, 0x0000000085300000| Untracked 
|  56|0x0000000085400000, 0x0000000085400000, 0x0000000085500000|  0%| F|  |TAMS 0x0000000085400000, 0x0000000085400000| Untracked 
|  57|0x0000000085500000, 0x0000000085500000, 0x0000000085600000|  0%| F|  |TAMS 0x0000000085500000, 0x0000000085500000| Untracked 
|  58|0x0000000085600000, 0x0000000085600000, 0x0000000085700000|  0%| F|  |TAMS 0x0000000085600000, 0x0000000085600000| Untracked 
|  59|0x0000000085700000, 0x0000000085700000, 0x0000000085800000|  0%| F|  |TAMS 0x0000000085700000, 0x0000000085700000| Untracked 
|  60|0x0000000085800000, 0x0000000085800000, 0x0000000085900000|  0%| F|  |TAMS 0x0000000085800000, 0x0000000085800000| Untracked 
|  61|0x0000000085900000, 0x0000000085900000, 0x0000000085a00000|  0%| F|  |TAMS 0x0000000085900000, 0x0000000085900000| Untracked 
|  62|0x0000000085a00000, 0x0000000085a00000, 0x0000000085b00000|  0%| F|  |TAMS 0x0000000085a00000, 0x0000000085a00000| Untracked 
|  63|0x0000000085b00000, 0x0000000085b00000, 0x0000000085c00000|  0%| F|  |TAMS 0x0000000085b00000, 0x0000000085b00000| Untracked 
|  64|0x0000000085c00000, 0x0000000085c00000, 0x0000000085d00000|  0%| F|  |TAMS 0x0000000085c00000, 0x0000000085c00000| Untracked 
|  65|0x0000000085d00000, 0x0000000085d00000, 0x0000000085e00000|  0%| F|  |TAMS 0x0000000085d00000, 0x0000000085d00000| Untracked 
|  66|0x0000000085e00000, 0x0000000085e00000, 0x0000000085f00000|  0%| F|  |TAMS 0x0000000085e00000, 0x0000000085e00000| Untracked 
|  67|0x0000000085f00000, 0x0000000085f00000, 0x0000000086000000|  0%| F|  |TAMS 0x0000000085f00000, 0x0000000085f00000| Untracked 
|  68|0x0000000086000000, 0x0000000086000000, 0x0000000086100000|  0%| F|  |TAMS 0x0000000086000000, 0x0000000086000000| Untracked 
|  69|0x0000000086100000, 0x0000000086100000, 0x0000000086200000|  0%| F|  |TAMS 0x0000000086100000, 0x0000000086100000| Untracked 
|  70|0x0000000086200000, 0x0000000086200000, 0x0000000086300000|  0%| F|  |TAMS 0x0000000086200000, 0x0000000086200000| Untracked 
|  71|0x0000000086300000, 0x0000000086300000, 0x0000000086400000|  0%| F|  |TAMS 0x0000000086300000, 0x0000000086300000| Untracked 
|  72|0x0000000086400000, 0x0000000086400000, 0x0000000086500000|  0%| F|  |TAMS 0x0000000086400000, 0x0000000086400000| Untracked 
|  73|0x0000000086500000, 0x0000000086500000, 0x0000000086600000|  0%| F|  |TAMS 0x0000000086500000, 0x0000000086500000| Untracked 
|  74|0x0000000086600000, 0x0000000086600000, 0x0000000086700000|  0%| F|  |TAMS 0x0000000086600000, 0x0000000086600000| Untracked 
|  75|0x0000000086700000, 0x0000000086700000, 0x0000000086800000|  0%| F|  |TAMS 0x0000000086700000, 0x0000000086700000| Untracked 
|  76|0x0000000086800000, 0x0000000086800000, 0x0000000086900000|  0%| F|  |TAMS 0x0000000086800000, 0x0000000086800000| Untracked 
|  77|0x0000000086900000, 0x0000000086900000, 0x0000000086a00000|  0%| F|  |TAMS 0x0000000086900000, 0x0000000086900000| Untracked 
|  78|0x0000000086a00000, 0x0000000086a00000, 0x0000000086b00000|  0%| F|  |TAMS 0x0000000086a00000, 0x0000000086a00000| Untracked 
|  79|0x0000000086b00000, 0x0000000086b00000, 0x0000000086c00000|  0%| F|  |TAMS 0x0000000086b00000, 0x0000000086b00000| Untracked 
|  80|0x0000000086c00000, 0x0000000086c00000, 0x0000000086d00000|  0%| F|  |TAMS 0x0000000086c00000, 0x0000000086c00000| Untracked 
|  81|0x0000000086d00000, 0x0000000086d00000, 0x0000000086e00000|  0%| F|  |TAMS 0x0000000086d00000, 0x0000000086d00000| Untracked 
|  82|0x0000000086e00000, 0x0000000086e00000, 0x0000000086f00000|  0%| F|  |TAMS 0x0000000086e00000, 0x0000000086e00000| Untracked 
|  83|0x0000000086f00000, 0x0000000086f00000, 0x0000000087000000|  0%| F|  |TAMS 0x0000000086f00000, 0x0000000086f00000| Untracked 
|  84|0x0000000087000000, 0x0000000087000000, 0x0000000087100000|  0%| F|  |TAMS 0x0000000087000000, 0x0000000087000000| Untracked 
|  85|0x0000000087100000, 0x0000000087100000, 0x0000000087200000|  0%| F|  |TAMS 0x0000000087100000, 0x0000000087100000| Untracked 
|  86|0x0000000087200000, 0x0000000087200000, 0x0000000087300000|  0%| F|  |TAMS 0x0000000087200000, 0x0000000087200000| Untracked 
|  87|0x0000000087300000, 0x0000000087300000, 0x0000000087400000|  0%| F|  |TAMS 0x0000000087300000, 0x0000000087300000| Untracked 
|  88|0x0000000087400000, 0x0000000087400000, 0x0000000087500000|  0%| F|  |TAMS 0x0000000087400000, 0x0000000087400000| Untracked 
|  89|0x0000000087500000, 0x0000000087500000, 0x0000000087600000|  0%| F|  |TAMS 0x0000000087500000, 0x0000000087500000| Untracked 
|  90|0x0000000087600000, 0x0000000087600000, 0x0000000087700000|  0%| F|  |TAMS 0x0000000087600000, 0x0000000087600000| Untracked 
|  91|0x0000000087700000, 0x0000000087700000, 0x0000000087800000|  0%| F|  |TAMS 0x0000000087700000, 0x0000000087700000| Untracked 
|  92|0x0000000087800000, 0x0000000087800000, 0x0000000087900000|  0%| F|  |TAMS 0x0000000087800000, 0x0000000087800000| Untracked 
|  93|0x0000000087900000, 0x0000000087900000, 0x0000000087a00000|  0%| F|  |TAMS 0x0000000087900000, 0x0000000087900000| Untracked 
|  94|0x0000000087a00000, 0x0000000087a00000, 0x0000000087b00000|  0%| F|  |TAMS 0x0000000087a00000, 0x0000000087a00000| Untracked 
|  95|0x0000000087b00000, 0x0000000087b00000, 0x0000000087c00000|  0%| F|  |TAMS 0x0000000087b00000, 0x0000000087b00000| Untracked 
|  96|0x0000000087c00000, 0x0000000087c00000, 0x0000000087d00000|  0%| F|  |TAMS 0x0000000087c00000, 0x0000000087c00000| Untracked 
|  97|0x0000000087d00000, 0x0000000087d00000, 0x0000000087e00000|  0%| F|  |TAMS 0x0000000087d00000, 0x0000000087d00000| Untracked 
|  98|0x0000000087e00000, 0x0000000087e00000, 0x0000000087f00000|  0%| F|  |TAMS 0x0000000087e00000, 0x0000000087e00000| Untracked 
|  99|0x0000000087f00000, 0x0000000087f00000, 0x0000000088000000|  0%| F|  |TAMS 0x0000000087f00000, 0x0000000087f00000| Untracked 
| 100|0x0000000088000000, 0x0000000088000000, 0x0000000088100000|  0%| F|  |TAMS 0x0000000088000000, 0x0000000088000000| Untracked 
| 101|0x0000000088100000, 0x0000000088100000, 0x0000000088200000|  0%| F|  |TAMS 0x0000000088100000, 0x0000000088100000| Untracked 
| 102|0x0000000088200000, 0x0000000088200000, 0x0000000088300000|  0%| F|  |TAMS 0x0000000088200000, 0x0000000088200000| Untracked 
| 103|0x0000000088300000, 0x0000000088300000, 0x0000000088400000|  0%| F|  |TAMS 0x0000000088300000, 0x0000000088300000| Untracked 
| 104|0x0000000088400000, 0x0000000088400000, 0x0000000088500000|  0%| F|  |TAMS 0x0000000088400000, 0x0000000088400000| Untracked 
| 105|0x0000000088500000, 0x0000000088500000, 0x0000000088600000|  0%| F|  |TAMS 0x0000000088500000, 0x0000000088500000| Untracked 
| 106|0x0000000088600000, 0x0000000088600000, 0x0000000088700000|  0%| F|  |TAMS 0x0000000088600000, 0x0000000088600000| Untracked 
| 107|0x0000000088700000, 0x0000000088700000, 0x0000000088800000|  0%| F|  |TAMS 0x0000000088700000, 0x0000000088700000| Untracked 
| 108|0x0000000088800000, 0x0000000088800000, 0x0000000088900000|  0%| F|  |TAMS 0x0000000088800000, 0x0000000088800000| Untracked 
| 109|0x0000000088900000, 0x0000000088900000, 0x0000000088a00000|  0%| F|  |TAMS 0x0000000088900000, 0x0000000088900000| Untracked 
| 110|0x0000000088a00000, 0x0000000088a00000, 0x0000000088b00000|  0%| F|  |TAMS 0x0000000088a00000, 0x0000000088a00000| Untracked 
| 111|0x0000000088b00000, 0x0000000088b00000, 0x0000000088c00000|  0%| F|  |TAMS 0x0000000088b00000, 0x0000000088b00000| Untracked 
| 112|0x0000000088c00000, 0x0000000088c00000, 0x0000000088d00000|  0%| F|  |TAMS 0x0000000088c00000, 0x0000000088c00000| Untracked 
| 113|0x0000000088d00000, 0x0000000088d00000, 0x0000000088e00000|  0%| F|  |TAMS 0x0000000088d00000, 0x0000000088d00000| Untracked 
| 114|0x0000000088e00000, 0x0000000088e00000, 0x0000000088f00000|  0%| F|  |TAMS 0x0000000088e00000, 0x0000000088e00000| Untracked 
| 115|0x0000000088f00000, 0x0000000088f00000, 0x0000000089000000|  0%| F|  |TAMS 0x0000000088f00000, 0x0000000088f00000| Untracked 
| 116|0x0000000089000000, 0x0000000089000000, 0x0000000089100000|  0%| F|  |TAMS 0x0000000089000000, 0x0000000089000000| Untracked 
| 117|0x0000000089100000, 0x0000000089100000, 0x0000000089200000|  0%| F|  |TAMS 0x0000000089100000, 0x0000000089100000| Untracked 
| 118|0x0000000089200000, 0x0000000089200000, 0x0000000089300000|  0%| F|  |TAMS 0x0000000089200000, 0x0000000089200000| Untracked 
| 119|0x0000000089300000, 0x0000000089300000, 0x0000000089400000|  0%| F|  |TAMS 0x0000000089300000, 0x0000000089300000| Untracked 
| 120|0x0000000089400000, 0x0000000089400000, 0x0000000089500000|  0%| F|  |TAMS 0x0000000089400000, 0x0000000089400000| Untracked 
| 121|0x0000000089500000, 0x0000000089500000, 0x0000000089600000|  0%| F|  |TAMS 0x0000000089500000, 0x0000000089500000| Untracked 
| 122|0x0000000089600000, 0x0000000089600000, 0x0000000089700000|  0%| F|  |TAMS 0x0000000089600000, 0x0000000089600000| Untracked 
| 123|0x0000000089700000, 0x00000000897f24c0, 0x0000000089800000| 94%| E|  |TAMS 0x0000000089700000, 0x0000000089700000| Complete 
| 124|0x0000000089800000, 0x0000000089900000, 0x0000000089900000|100%| E|CS|TAMS 0x0000000089800000, 0x0000000089800000| Complete 
| 125|0x0000000089900000, 0x0000000089a00000, 0x0000000089a00000|100%| E|CS|TAMS 0x0000000089900000, 0x0000000089900000| Complete 
| 126|0x0000000089a00000, 0x0000000089b00000, 0x0000000089b00000|100%| E|CS|TAMS 0x0000000089a00000, 0x0000000089a00000| Complete 
| 127|0x0000000089b00000, 0x0000000089c00000, 0x0000000089c00000|100%| E|CS|TAMS 0x0000000089b00000, 0x0000000089b00000| Complete 

Card table byte_map: [0x00000181ec1b0000,0x00000181ec5b0000] _byte_map_base: 0x00000181ebda2000

Marking Bits (Prev, Next): (CMBitMap*) 0x00000181d4311038, (CMBitMap*) 0x00000181d4311078
 Prev Bits: [0x00000181ec9b0000, 0x00000181ee940000)
 Next Bits: [0x00000181ee940000, 0x00000181f08d0000)

Polling page: 0x00000181d22b0000

Metaspace:

Usage:
  Non-class:      4.30 MB capacity,     2.36 MB ( 55%) used,     1.94 MB ( 45%) free+waste,     2.69 KB ( <1%) overhead. 
      Class:    443.00 KB capacity,   252.85 KB ( 57%) used,   188.59 KB ( 43%) free+waste,     1.56 KB ( <1%) overhead. 
       Both:      4.73 MB capacity,     2.60 MB ( 55%) used,     2.12 MB ( 45%) free+waste,     4.25 KB ( <1%) overhead. 

Virtual space:
  Non-class space:        8.00 MB reserved,       4.50 MB ( 56%) committed 
      Class space:        1.00 GB reserved,     512.00 KB ( <1%) committed 
             Both:        1.01 GB reserved,       5.00 MB ( <1%) committed 

Chunk freelists:
   Non-Class:  14.00 KB
       Class:  5.00 KB
        Both:  19.00 KB

MaxMetaspaceSize: 17179869184.00 GB
CompressedClassSpaceSize: 1.00 GB

CodeHeap 'non-profiled nmethods': size=120000Kb used=123Kb max_used=123Kb free=119877Kb
 bounds [0x00000181e4550000, 0x00000181e47c0000, 0x00000181eba80000]
CodeHeap 'profiled nmethods': size=120000Kb used=557Kb max_used=557Kb free=119442Kb
 bounds [0x00000181dd020000, 0x00000181dd290000, 0x00000181e4550000]
CodeHeap 'non-nmethods': size=5760Kb used=1225Kb max_used=1242Kb free=4534Kb
 bounds [0x00000181dca80000, 0x00000181dccf0000, 0x00000181dd020000]
 total_blobs=1163 nmethods=393 adapters=297
 compilation: enabled
              stopped_count=0, restarted_count=0
 full_count=0

Compilation events (20 events):
Event: 0.460 Thread 0x00000181f332b800 nmethod 386 0x00000181dd0a7510 code [0x00000181dd0a76a0, 0x00000181dd0a77f8]
Event: 0.460 Thread 0x00000181f332b800  387   !   3       java.security.cert.Certificate::equals (38 bytes)
Event: 0.461 Thread 0x00000181f332b800 nmethod 387 0x00000181dd0a7910 code [0x00000181dd0a7b80, 0x00000181dd0a8988]
Event: 0.461 Thread 0x00000181f332b800  388       3       sun.security.x509.X509CertImpl::getEncodedInternal (20 bytes)
Event: 0.461 Thread 0x00000181f332b800 nmethod 388 0x00000181dd0a8e10 code [0x00000181dd0a9000, 0x00000181dd0a9558]
Event: 0.465 Thread 0x00000181f332b800  389       3       jdk.internal.misc.Unsafe::allocateUninitializedArray (55 bytes)
Event: 0.465 Thread 0x00000181f332b800 nmethod 389 0x00000181dd0a9710 code [0x00000181dd0a9920, 0x00000181dd0a9e18]
Event: 0.466 Thread 0x00000181f332b800  390       3       java.lang.Character::toLowerCase (9 bytes)
Event: 0.466 Thread 0x00000181f332b800 nmethod 390 0x00000181dd0aa010 code [0x00000181dd0aa1c0, 0x00000181dd0aa3b8]
Event: 0.468 Thread 0x00000181f331e800 nmethod 372 0x00000181e456d510 code [0x00000181e456d720, 0x00000181e456e418]
Event: 0.468 Thread 0x00000181f331e800  378       4       java.lang.String::charAt (25 bytes)
Event: 0.470 Thread 0x00000181f331e800 nmethod 378 0x00000181e456e690 code [0x00000181e456e860, 0x00000181e456ea68]
Event: 338.737 Thread 0x00000181f332b800  391       3       org.eclipse.jdt.launching.internal.org.objectweb.asm.ClassReader::readUnsignedShort (26 bytes)
Event: 338.738 Thread 0x00000181f332b800 nmethod 391 0x00000181dd0aa490 code [0x00000181dd0aa620, 0x00000181dd0aa798]
Event: 364.393 Thread 0x00000181f332b800  392       3       java.lang.String::<init> (74 bytes)
Event: 364.396 Thread 0x00000181f332b800 

Event: 364.396 Thread 0x00000181f332b800  393       3       java.lang.StringUTF16::compress (20 bytes)
Event: 364.396 Thread 0x00000181f332b800 nmethod 393 0x00000181dd0aa890 code [0x00000181dd0aaa40, 0x00000181dd0aac68]
Event: 364.396 Thread 0x00000181f332b800  394       3       org.eclipse.jdt.launching.internal.org.objectweb.asm.ClassReader::readUtf (44 bytes)
Event: 364.397 Thread 0x00000181f332b800 nmethod 394 0x00000181dd0aad10 code [0x00000181dd0aaee0, 0x00000181dd0ab3c8]

GC Heap History (0 events):
No events

Deoptimization events (20 events):
Event: 0.435 Thread 0x00000181d42cc000 DEOPT PACKING pc=0x00000181dd09304c sp=0x000000597bbf7b90
Event: 0.435 Thread 0x00000181d42cc000 DEOPT UNPACKING pc=0x00000181dcac964e sp=0x000000597bbf7058 mode 0
Event: 0.438 Thread 0x00000181d42cc000 DEOPT PACKING pc=0x00000181dd09304c sp=0x000000597bbf7b90
Event: 0.438 Thread 0x00000181d42cc000 DEOPT UNPACKING pc=0x00000181dcac964e sp=0x000000597bbf7058 mode 0
Event: 0.439 Thread 0x00000181d42cc000 DEOPT PACKING pc=0x00000181dd09304c sp=0x000000597bbf7b90
Event: 0.439 Thread 0x00000181d42cc000 DEOPT UNPACKING pc=0x00000181dcac964e sp=0x000000597bbf7058 mode 0
Event: 0.440 Thread 0x00000181d42cc000 DEOPT PACKING pc=0x00000181dd09304c sp=0x000000597bbf7b90
Event: 0.440 Thread 0x00000181d42cc000 DEOPT UNPACKING pc=0x00000181dcac964e sp=0x000000597bbf7058 mode 0
Event: 0.445 Thread 0x00000181d42cc000 DEOPT PACKING pc=0x00000181dd09304c sp=0x000000597bbfb670
Event: 0.445 Thread 0x00000181d42cc000 DEOPT UNPACKING pc=0x00000181dcac964e sp=0x000000597bbfab38 mode 0
Event: 0.445 Thread 0x00000181d42cc000 DEOPT PACKING pc=0x00000181dd09304c sp=0x000000597bbfb670
Event: 0.445 Thread 0x00000181d42cc000 DEOPT UNPACKING pc=0x00000181dcac964e sp=0x000000597bbfab38 mode 0
Event: 0.449 Thread 0x00000181d42cc000 DEOPT PACKING pc=0x00000181dd09304c sp=0x000000597bbf7b10
Event: 0.449 Thread 0x00000181d42cc000 DEOPT UNPACKING pc=0x00000181dcac964e sp=0x000000597bbf6fd8 mode 0
Event: 0.463 Thread 0x00000181d42cc000 DEOPT PACKING pc=0x00000181dd09304c sp=0x000000597bbf7780
Event: 0.463 Thread 0x00000181d42cc000 DEOPT UNPACKING pc=0x00000181dcac964e sp=0x000000597bbf6c48 mode 0
Event: 0.464 Thread 0x00000181d42cc000 DEOPT PACKING pc=0x00000181dd09304c sp=0x000000597bbf7780
Event: 0.464 Thread 0x00000181d42cc000 DEOPT UNPACKING pc=0x00000181dcac964e sp=0x000000597bbf6c48 mode 0
Event: 0.466 Thread 0x00000181d42cc000 DEOPT PACKING pc=0x00000181dd09304c sp=0x000000597bbf7780
Event: 0.466 Thread 0x00000181d42cc000 DEOPT UNPACKING pc=0x00000181dcac964e sp=0x000000597bbf6c48 mode 0

Classes unloaded (0 events):
No events

Classes redefined (3 events):
Event: 338.739 Thread 0x00000181f32f1000 redefined class name=question.MaxConscecOnesAfterModify, count=1
Event: 364.395 Thread 0x00000181f32f1000 redefined class name=question.MaxConscecOnesAfterModify, count=2
Event: 393.180 Thread 0x00000181f32f1000 redefined class name=question.MaxConscecOnesAfterModify, count=3

Internal exceptions (0 events):
No events

Events (20 events):
Event: 393.178 Executing VM operation: RedefineClasses
Event: 393.181 Executing VM operation: RedefineClasses done
Event: 393.187 Executing VM operation: ChangeBreakpoints
Event: 393.187 Executing VM operation: ChangeBreakpoints done
Event: 393.188 Executing VM operation: GetFrameCount
Event: 393.188 Executing VM operation: GetFrameCount done
Event: 393.188 Executing VM operation: GetStackTrace
Event: 393.188 Executing VM operation: GetStackTrace done
Event: 393.189 Executing VM operation: GetFrameCount
Event: 393.189 Executing VM operation: GetFrameCount done
Event: 393.189 Executing VM operation: SetFramePop
Event: 393.189 Executing VM operation: SetFramePop done
Event: 393.189 Executing VM operation: GetFrameLocation
Event: 393.190 Executing VM operation: GetFrameLocation done
Event: 393.190 Executing VM operation: GetCurrentLocation
Event: 393.190 Executing VM operation: GetCurrentLocation done
Event: 393.190 Executing VM operation: ChangeSingleStep
Event: 393.190 Executing VM operation: ChangeSingleStep done
Event: 393.191 Executing VM operation: GetFrameLocation
Event: 393.191 Executing VM operation: GetFrameLocation done


Dynamic libraries:
0x00007ff7b5000000 - 0x00007ff7b500f000 	C:\Program Files\Java\jdk-14.0.1\bin\javaw.exe
0x00007ffeea0d0000 - 0x00007ffeea2c5000 	C:\WINDOWS\SYSTEM32\ntdll.dll
0x00007ffee8120000 - 0x00007ffee81dd000 	C:\WINDOWS\System32\KERNEL32.DLL
0x00007ffee7cd0000 - 0x00007ffee7f9d000 	C:\WINDOWS\System32\KERNELBASE.dll
0x00007ffee7890000 - 0x00007ffee7990000 	C:\WINDOWS\System32\ucrtbase.dll
0x00007ffede5c0000 - 0x00007ffede5d5000 	C:\Program Files\Java\jdk-14.0.1\bin\VCRUNTIME140.dll
0x00007ffeded40000 - 0x00007ffeded58000 	C:\Program Files\Java\jdk-14.0.1\bin\jli.dll
0x00007ffee8390000 - 0x00007ffee843e000 	C:\WINDOWS\System32\ADVAPI32.dll
0x00007ffee9ff0000 - 0x00007ffeea08e000 	C:\WINDOWS\System32\msvcrt.dll
0x00007ffee8e30000 - 0x00007ffee8ecc000 	C:\WINDOWS\System32\sechost.dll
0x00007ffee8580000 - 0x00007ffee86a5000 	C:\WINDOWS\System32\RPCRT4.dll
0x00007ffee9730000 - 0x00007ffee98d0000 	C:\WINDOWS\System32\USER32.dll
0x00007ffee8010000 - 0x00007ffee8032000 	C:\WINDOWS\System32\win32u.dll
0x00007ffee86b0000 - 0x00007ffee86da000 	C:\WINDOWS\System32\GDI32.dll
0x00007ffee7bc0000 - 0x00007ffee7ccb000 	C:\WINDOWS\System32\gdi32full.dll
0x00007ffeda660000 - 0x00007ffeda8fa000 	C:\WINDOWS\WinSxS\amd64_microsoft.windows.common-controls_6595b64144ccf1df_6.0.19041.1110_none_60b5254171f9507e\COMCTL32.dll
0x00007ffee7b20000 - 0x00007ffee7bbd000 	C:\WINDOWS\System32\msvcp_win.dll
0x00007ffedfc40000 - 0x00007ffedfc4a000 	C:\WINDOWS\SYSTEM32\VERSION.dll
0x00007ffee93e0000 - 0x00007ffee9410000 	C:\WINDOWS\System32\IMM32.DLL
0x00007ffed2320000 - 0x00007ffed23bb000 	C:\Program Files\Java\jdk-14.0.1\bin\msvcp140.dll
0x00007ffe96f80000 - 0x00007ffe97a9e000 	C:\Program Files\Java\jdk-14.0.1\bin\server\jvm.dll
0x00007ffee9370000 - 0x00007ffee9378000 	C:\WINDOWS\System32\PSAPI.DLL
0x00007ffee49b0000 - 0x00007ffee49d7000 	C:\WINDOWS\SYSTEM32\WINMM.dll
0x00007ffee0bc0000 - 0x00007ffee0bc9000 	C:\WINDOWS\SYSTEM32\WSOCK32.dll
0x00007ffee99f0000 - 0x00007ffee9a5b000 	C:\WINDOWS\System32\WS2_32.dll
0x00007ffee60a0000 - 0x00007ffee60b2000 	C:\WINDOWS\SYSTEM32\kernel.appcore.dll
0x00007ffee0bb0000 - 0x00007ffee0bba000 	C:\Program Files\Java\jdk-14.0.1\bin\jimage.dll
0x00007ffee5520000 - 0x00007ffee5704000 	C:\WINDOWS\SYSTEM32\DBGHELP.DLL
0x00007ffedeaf0000 - 0x00007ffedeb1c000 	C:\WINDOWS\SYSTEM32\dbgcore.DLL
0x00007ffee8090000 - 0x00007ffee8112000 	C:\WINDOWS\System32\bcryptPrimitives.dll
0x00007ffed1780000 - 0x00007ffed17b8000 	C:\Program Files\Java\jdk-14.0.1\bin\jdwp.dll
0x00007ffed8b00000 - 0x00007ffed8b25000 	C:\Program Files\Java\jdk-14.0.1\bin\java.dll
0x00007ffee0f70000 - 0x00007ffee0f7e000 	C:\Program Files\Java\jdk-14.0.1\bin\instrument.dll
0x00007ffed3850000 - 0x00007ffed3866000 	C:\Program Files\Java\jdk-14.0.1\bin\zip.dll
0x00007ffee86e0000 - 0x00007ffee8e24000 	C:\WINDOWS\System32\SHELL32.dll
0x00007ffee5710000 - 0x00007ffee5ea4000 	C:\WINDOWS\SYSTEM32\windows.storage.dll
0x00007ffee9010000 - 0x00007ffee9364000 	C:\WINDOWS\System32\combase.dll
0x00007ffee71d0000 - 0x00007ffee71fc000 	C:\WINDOWS\SYSTEM32\Wldp.dll
0x00007ffee9620000 - 0x00007ffee96cd000 	C:\WINDOWS\System32\SHCORE.dll
0x00007ffee96d0000 - 0x00007ffee9725000 	C:\WINDOWS\System32\shlwapi.dll
0x00007ffee7720000 - 0x00007ffee773f000 	C:\WINDOWS\SYSTEM32\profapi.dll
0x00007ffee0c40000 - 0x00007ffee0c4b000 	C:\Program Files\Java\jdk-14.0.1\bin\dt_socket.dll
0x00007ffee6bc0000 - 0x00007ffee6bfb000 	C:\WINDOWS\SYSTEM32\IPHLPAPI.DLL
0x00007ffee6ed0000 - 0x00007ffee6f3a000 	C:\WINDOWS\system32\mswsock.dll
0x00007ffee6c00000 - 0x00007ffee6ccb000 	C:\WINDOWS\SYSTEM32\DNSAPI.dll
0x00007ffee9f40000 - 0x00007ffee9f48000 	C:\WINDOWS\System32\NSI.dll
0x00007ffedfce0000 - 0x00007ffedfcea000 	C:\Windows\System32\rasadhlp.dll
0x00007ffedaeb0000 - 0x00007ffedaf30000 	C:\WINDOWS\System32\fwpuclnt.dll
0x00007ffee7990000 - 0x00007ffee79b7000 	C:\WINDOWS\System32\bcrypt.dll
0x00007ffed22f0000 - 0x00007ffed2309000 	C:\Program Files\Java\jdk-14.0.1\bin\net.dll
0x00007ffee1c30000 - 0x00007ffee1d3a000 	C:\WINDOWS\SYSTEM32\WINHTTP.dll
0x00007ffed1b50000 - 0x00007ffed1b62000 	C:\Program Files\Java\jdk-14.0.1\bin\nio.dll
0x00007ffeda900000 - 0x00007ffeda910000 	C:\Program Files\Java\jdk-14.0.1\bin\verify.dll

dbghelp: loaded successfully - version: 4.0.5 - missing functions: none
symbol engine: initialized successfully - sym options: 0x614 - pdb path: .;C:\Program Files\Java\jdk-14.0.1\bin;C:\WINDOWS\SYSTEM32;C:\WINDOWS\WinSxS\amd64_microsoft.windows.common-controls_6595b64144ccf1df_6.0.19041.1110_none_60b5254171f9507e;C:\Program Files\Java\jdk-14.0.1\bin\server

VM Arguments:
jvm_args: -agentlib:jdwp=transport=dt_socket,suspend=y,address=localhost:51843 -javaagent:C:\Users\ASUS\eclipse\java-2020-06\eclipse\configuration\org.eclipse.osgi\222\0\.cp\lib\javaagent-shaded.jar -Dfile.encoding=Cp1252 
java_command: question.MaxConscecOnesAfterModify
java_class_path (initial): C:\Users\ASUS\eclipse-workspace\HASHING\bin
Launcher Type: SUN_STANDARD

[Global flags]
     intx CICompilerCount                          = 4                                         {product} {ergonomic}
     uint ConcGCThreads                            = 2                                         {product} {ergonomic}
     uint G1ConcRefinementThreads                  = 8                                         {product} {ergonomic}
   size_t G1HeapRegionSize                         = 1048576                                   {product} {ergonomic}
    uintx GCDrainStackTargetSize                   = 64                                        {product} {ergonomic}
   size_t InitialHeapSize                          = 134217728                                 {product} {ergonomic}
   size_t MarkStackSize                            = 4194304                                   {product} {ergonomic}
   size_t MaxHeapSize                              = 2118123520                                {product} {ergonomic}
   size_t MaxNewSize                               = 1270874112                                {product} {ergonomic}
   size_t MinHeapDeltaBytes                        = 1048576                                   {product} {ergonomic}
   size_t MinHeapSize                              = 8388608                                   {product} {ergonomic}
    uintx NonNMethodCodeHeapSize                   = 5839372                                {pd product} {ergonomic}
    uintx NonProfiledCodeHeapSize                  = 122909434                              {pd product} {ergonomic}
    uintx ProfiledCodeHeapSize                     = 122909434                              {pd product} {ergonomic}
    uintx ReservedCodeCacheSize                    = 251658240                              {pd product} {ergonomic}
     bool SegmentedCodeCache                       = true                                      {product} {ergonomic}
   size_t SoftMaxHeapSize                          = 2118123520                             {manageable} {ergonomic}
     bool UseCompressedClassPointers               = true                                 {lp64_product} {ergonomic}
     bool UseCompressedOops                        = true                                 {lp64_product} {ergonomic}
     bool UseG1GC                                  = true                                      {product} {ergonomic}
     bool UseLargePagesIndividualAllocation        = false                                  {pd product} {ergonomic}

Logging:
Log output configuration:
 #0: stdout all=warning uptime,level,tags
 #1: stderr all=off uptime,level,tags

Environment Variables:
PATH=C:/Program Files/Java/jdk-14.0.1/bin/server;C:/Program Files/Java/jdk-14.0.1/bin;C:\Program Files (x86)\Intel\Intel(R) Management Engine Components\iCLS\;C:\Program Files\Intel\Intel(R) Management Engine Components\iCLS\;C:\Windows\system32;C:\Windows;C:\Windows\System32\Wbem;C:\Windows\System32\WindowsPowerShell\v1.0\;C:\Windows\System32\OpenSSH\;C:\Program Files (x86)\NVIDIA Corporation\PhysX\Common;C:\Program Files (x86)\Intel\Intel(R) Management Engine Components\DAL;C:\Program Files\Intel\Intel(R) Management Engine Components\DAL;C:\Program Files (x86)\Intel\Intel(R) Management Engine Components\IPT;C:\Program Files\Intel\Intel(R) Management Engine Components\IPT;C:\Program Files\Intel\WiFi\bin\;C:\Program Files\Common Files\Intel\WirelessCommon\;C:\WINDOWS\system32;C:\WINDOWS;C:\WINDOWS\System32\Wbem;C:\WINDOWS\System32\WindowsPowerShell\v1.0\;C:\WINDOWS\System32\OpenSSH\;C:\MinGW\bin;C:\Program Files\Java\jdk-14.0.1\bin;C:\Program Files\Git\cmd;C:\Program Files\MySQL\MySQL Shell 8.0\bin\;C:\Users\ASUS\AppData\Local\Microsoft\WindowsApps;;C:\Users\ASUS\AppData\Local\Programs\Microsoft VS Code\bin;C:\Users\ASUS\Desktop;
USERNAME=ASUS
OS=Windows_NT
PROCESSOR_IDENTIFIER=Intel64 Family 6 Model 142 Stepping 10, GenuineIntel



---------------  S Y S T E M  ---------------

OS: Windows 10 , 64 bit Build 19041 (10.0.19041.1706)
OS uptime: 37 days 12:54 hours

CPU:total 8 (initial active 8) (4 cores per cpu, 2 threads per core) family 6 model 142 stepping 10, cmov, cx8, fxsr, mmx, sse, sse2, sse3, ssse3, sse4.1, sse4.2, popcnt, avx, avx2, aes, clmul, erms, 3dnowpref, lzcnt, ht, tsc, tscinvbit, bmi1, bmi2, adx, fma

Memory: 4k page, system-wide physical 8073M (3247M free)
TotalPageFile size 15148M (AvailPageFile size 5715M)
current process WorkingSet (physical memory assigned to process): 40M, peak: 42M
current process commit charge ("private bytes"): 216M, peak: 218M

vm_info: Java HotSpot(TM) 64-Bit Server VM (14.0.1+7) for windows-amd64 JRE (14.0.1+7), built on Mar  5 2020 10:30:14 by "mach5one" with MS VC++ 15.9 (VS2017)

END.
