#
# A fatal error has been detected by the Java Runtime Environment:
#
#  EXCEPTION_ACCESS_VIOLATION (0xc0000005) at pc=0x00007ffb16c60fb5, pid=12032, tid=11644
#
# JRE version: Java(TM) SE Runtime Environment (14.0.1+7) (build 14.0.1+7)
# Java VM: Java HotSpot(TM) 64-Bit Server VM (14.0.1+7, mixed mode, sharing, tiered, compressed oops, g1 gc, windows-amd64)
# Problematic frame:
# V  [jvm.dll+0x5b0fb5]
#
# No core dump will be written. Minidumps are not enabled by default on client versions of Windows
#
# If you would like to submit a bug report, please visit:
#   https://bugreport.java.com/bugreport/crash.jsp
#

---------------  S U M M A R Y ------------

Command Line: -agentlib:jdwp=transport=dt_socket,suspend=y,address=localhost:51976 -javaagent:C:\Users\ASUS\eclipse\java-2020-06\eclipse\configuration\org.eclipse.osgi\222\0\.cp\lib\javaagent-shaded.jar -Dfile.encoding=Cp1252 questions.Slidingwindowmax

Host: Intel(R) Core(TM) i5-8250U CPU @ 1.60GHz, 8 cores, 7G,  Windows 10 , 64 bit Build 19041 (10.0.19041.1466)
Time: Wed May 18 16:29:12 2022 US Eastern Daylight Time elapsed time: 541 seconds (0d 0h 9m 1s)

---------------  T H R E A D  ---------------

Current thread (0x0000019e53467800):  VMThread "VM Thread" [stack: 0x0000007232900000,0x0000007232a00000] [id=11644]

Stack: [0x0000007232900000,0x0000007232a00000],  sp=0x00000072329ff530,  free space=1021k
Native frames: (J=compiled Java code, j=interpreted, Vv=VM code, C=native code)
V  [jvm.dll+0x5b0fb5]
V  [jvm.dll+0x4bf122]
V  [jvm.dll+0x4be9ed]
V  [jvm.dll+0x74491b]
V  [jvm.dll+0x748947]
V  [jvm.dll+0x749118]
V  [jvm.dll+0x74940c]
V  [jvm.dll+0x6ff8ba]
V  [jvm.dll+0x5f72c6]
C  [ucrtbase.dll+0x21bb2]
C  [KERNEL32.DLL+0x17034]
C  [ntdll.dll+0x52651]


siginfo: EXCEPTION_ACCESS_VIOLATION (0xc0000005), reading address 0xffffffffffffffff


Register to memory mapping:

RIP=0x00007ffb16c60fb5 jvm.dll
RAX=0x00ca019e538d8ce0 is an unknown value
RBX=0x0000019e54572ce0 points into unknown readable memory: 00 00 00 00 9e 00 00 00
RCX={method} {0x0000019e538d8740} 'main' '([Ljava/lang/String;)V' in 'questions/Slidingwindowmax'
RDX=0x0000019e53467800 points into unknown readable memory: 00 a8 f7 16 fb 7f 00 00
RSP=0x00000072329ff530 points into unknown readable memory: e0 2c 57 54 9e 01 00 00
RBP=0x0000000800b9ac70 is a pointer to class: 
questions.Slidingwindowmax {0x0000000800b9ac78}
RSI=0x0000019e53467800 points into unknown readable memory: 00 a8 f7 16 fb 7f 00 00
RDI={method} {0x0000019e538d8740} 'main' '([Ljava/lang/String;)V' in 'questions/Slidingwindowmax'
R8 =0x0 is NULL
R9 =0x000000000000001d is an unknown value
R10=0x0 is NULL
R11=0x6be01ff000000000 is an unknown value
R12=0x0000019e53450050 points into unknown readable memory: 71 75 65 73 74 69 6f 6e
R13=0x0000000800b9b2b8 is a pointer to class: 
questions.Slidingwindowmax {0x0000000800b9b2c0}
R14=0x0000019e53450040 points into unknown readable memory: 00 00 00 00 00 00 00 00
R15=0x00000000000003d8 is an unknown value


Registers:
RAX=0x00ca019e538d8ce0, RBX=0x0000019e54572ce0, RCX=0x0000019e538d8738, RDX=0x0000019e53467800
RSP=0x00000072329ff530, RBP=0x0000000800b9ac70, RSI=0x0000019e53467800, RDI=0x0000019e538d8738
R8 =0x0000000000000000, R9 =0x000000000000001d, R10=0x0000000000000000, R11=0x6be01ff000000000
R12=0x0000019e53450050, R13=0x0000000800b9b2b8, R14=0x0000019e53450040, R15=0x00000000000003d8
RIP=0x00007ffb16c60fb5, EFLAGS=0x0000000000010202

Top of Stack: (sp=0x00000072329ff530)
0x00000072329ff530:   0000019e54572ce0 0000019e53467800
0x00000072329ff540:   0000000000000020 00007ffb16c9c63c
0x00000072329ff550:   0000019e538dcc50 0000019e53467800
0x00000072329ff560:   0000019e53467800 0000019e5344f180
0x00000072329ff570:   0000019e3240cd20 0000019e3240cd30
0x00000072329ff580:   0000019e3240ce08 00000000000000d8
0x00000072329ff590:   00000072329ff860 0000000000000020
0x00000072329ff5a0:   0000019e538d8738 00007ffb16b6f122
0x00000072329ff5b0:   0000019e538dcc50 0000019e53450428
0x00000072329ff5c0:   0000019e5344fe00 00000072329ff660
0x00000072329ff5d0:   000000080040b8d0 000000080040df58
0x00000072329ff5e0:   0000019e532dd340 0000019e53f8a640
0x00000072329ff5f0:   00000072ffffffff 00000000000003d8
0x00000072329ff600:   0000019e53450428 00007ffb16ebc710
0x00000072329ff610:   0000019e53f8a640 00000072334ff740
0x00000072329ff620:   0000019e53450050 00007ffb17136210 

Instructions: (pc=0x00007ffb16c60fb5)
0x00007ffb16c60eb5:   b7 a5 ff 4c 8b c7 48 8d 54 24 20 48 8b cb e8 a8
0x00007ffb16c60ec5:   d5 ff ff 48 8d 4c 24 20 e8 de 26 d5 ff 48 8b 5c
0x00007ffb16c60ed5:   24 48 48 83 c4 30 5f c3 cc cc cc 48 89 5c 24 10
0x00007ffb16c60ee5:   48 89 6c 24 18 48 89 74 24 20 57 48 83 ec 70 48
0x00007ffb16c60ef5:   8b 41 08 48 8b f9 48 63 f2 4c 8b 40 08 49 8b 68
0x00007ffb16c60f05:   18 45 33 c0 41 8d 50 01 8d 4a 17 e8 5b 1b af ff
0x00007ffb16c60f15:   48 8b d8 48 85 c0 74 44 89 70 04 48 8b 47 08 0f
0x00007ffb16c60f25:   b7 48 2a 66 89 4b 08 48 8b 47 08 0f b7 48 2c 66
0x00007ffb16c60f35:   89 4b 0a 48 8b 47 08 0f b6 54 06 38 89 13 81 fa
0x00007ffb16c60f45:   ca 00 00 00 75 0c 8b d6 48 8b cf e8 ab e7 ff ff
0x00007ffb16c60f55:   89 03 48 c7 43 10 00 00 00 00 eb 02 33 db 48 8b
0x00007ffb16c60f65:   85 80 01 00 00 8b 0d 7c cf 4d 00 48 89 43 10 65
0x00007ffb16c60f75:   48 8b 04 25 58 00 00 00 48 89 9d 80 01 00 00 be
0x00007ffb16c60f85:   08 00 00 00 48 8b 04 c8 48 63 4b 04 48 8b 34 06
0x00007ffb16c60f95:   48 8b 47 08 48 8b d6 c6 44 01 38 ca 48 8b cf e8
0x00007ffb16c60fa5:   b7 c2 be ff 48 83 7e 08 00 75 09 48 85 c0 74 04
0x00007ffb16c60fb5:   66 ff 40 16 48 8b d6 48 8d 4c 24 30 e8 ca 26 d5
0x00007ffb16c60fc5:   ff 48 89 7c 24 20 48 8d 94 24 80 00 00 00 48 89
0x00007ffb16c60fd5:   74 24 28 48 8b 8e 88 02 00 00 48 89 bc 24 80 00
0x00007ffb16c60fe5:   00 00 e8 d4 b5 a5 ff 48 8d 4c 24 20 e8 da 25 c2
0x00007ffb16c60ff5:   ff 48 8d 4c 24 20 e8 b0 25 d5 ff 48 8d 4c 24 30
0x00007ffb16c61005:   e8 36 25 d5 ff 4c 8d 5c 24 70 49 8b 5b 18 49 8b
0x00007ffb16c61015:   6b 20 49 8b 73 28 49 8b e3 5f c3 48 89 5c 24 08
0x00007ffb16c61025:   48 89 74 24 10 57 48 83 ec 20 4c 8b 01 48 8b f2
0x00007ffb16c61035:   48 8b f9 49 8b 40 08 48 3b 05 0d 74 46 00 73 0d
0x00007ffb16c61045:   48 3b 05 fc 73 46 00 72 04 b1 01 eb 02 32 c9 48
0x00007ffb16c61055:   8b 40 18 84 c9 74 03 48 8b 00 48 85 c0 75 27 4c
0x00007ffb16c61065:   8d 0d 75 d0 2d 00 ba 07 05 00 00 4c 8d 05 91 d0
0x00007ffb16c61075:   2d 00 48 8d 0d b2 ce 2d 00 e8 2d c1 c5 ff e8 d8
0x00007ffb16c61085:   6e 04 00 4c 8b 07 49 89 70 40 48 8b ce 48 8b 06
0x00007ffb16c61095:   ff 90 c8 00 00 00 48 8b 0f 8b d8 48 8b 49 18 48
0x00007ffb16c610a5:   85 c9 74 07 e8 02 19 00 00 eb 02 33 c0 3b d8 7e 


Stack slot to memory mapping:
stack at sp + 0 slots: 0x0000019e54572ce0 points into unknown readable memory: 00 00 00 00 9e 00 00 00
stack at sp + 1 slots: 0x0000019e53467800 points into unknown readable memory: 00 a8 f7 16 fb 7f 00 00
stack at sp + 2 slots: 0x0000000000000020 is an unknown value
stack at sp + 3 slots: 0x00007ffb16c9c63c jvm.dll
stack at sp + 4 slots: {method} {0x0000019e538dcc58} 'main' '([Ljava/lang/String;)V' in 'questions/Slidingwindowmax'
stack at sp + 5 slots: 0x0000019e53467800 points into unknown readable memory: 00 a8 f7 16 fb 7f 00 00
stack at sp + 6 slots: 0x0000019e53467800 points into unknown readable memory: 00 a8 f7 16 fb 7f 00 00
stack at sp + 7 slots: 0x0000019e5344f180 points into unknown readable memory: 02 00 00 00 00 00 00 00

VM_Operation (0x00000072334ff740): ChangeBreakpoints, mode: safepoint, requested by thread 0x0000019e53f94800


---------------  P R O C E S S  ---------------

Threads class SMR info:
_java_thread_list=0x0000019e53f96680, length=14, elements={
0x0000019e3241c800, 0x0000019e53468800, 0x0000019e5346a000, 0x0000019e53485800,
0x0000019e5348a000, 0x0000019e5348b800, 0x0000019e53d91000, 0x0000019e53dba800,
0x0000019e53dd0000, 0x0000019e53edc000, 0x0000019e53f94800, 0x0000019e53fe8000,
0x0000019e53fe9000, 0x0000019e53fe4000
}

Java Threads: ( => current thread )
  0x0000019e3241c800 JavaThread "main" [_thread_blocked, id=9940, stack(0x0000007232300000,0x0000007232400000)]
  0x0000019e53468800 JavaThread "Reference Handler" daemon [_thread_blocked, id=13152, stack(0x0000007232a00000,0x0000007232b00000)]
  0x0000019e5346a000 JavaThread "Finalizer" daemon [_thread_blocked, id=3716, stack(0x0000007232b00000,0x0000007232c00000)]
  0x0000019e53485800 JavaThread "Signal Dispatcher" daemon [_thread_blocked, id=6256, stack(0x0000007232c00000,0x0000007232d00000)]
  0x0000019e5348a000 JavaThread "Attach Listener" daemon [_thread_blocked, id=13248, stack(0x0000007232d00000,0x0000007232e00000)]
  0x0000019e5348b800 JavaThread "Service Thread" daemon [_thread_blocked, id=6940, stack(0x0000007232e00000,0x0000007232f00000)]
  0x0000019e53d91000 JavaThread "C2 CompilerThread0" daemon [_thread_blocked, id=10088, stack(0x0000007232f00000,0x0000007233000000)]
  0x0000019e53dba800 JavaThread "C1 CompilerThread0" daemon [_thread_blocked, id=2992, stack(0x0000007233000000,0x0000007233100000)]
  0x0000019e53dd0000 JavaThread "Sweeper thread" daemon [_thread_blocked, id=12924, stack(0x0000007233100000,0x0000007233200000)]
  0x0000019e53edc000 JavaThread "Common-Cleaner" daemon [_thread_blocked, id=11904, stack(0x0000007233200000,0x0000007233300000)]
  0x0000019e53f94800 JavaThread "JDWP Transport Listener: dt_socket" daemon [_thread_blocked, id=12704, stack(0x0000007233400000,0x0000007233500000)]
  0x0000019e53fe8000 JavaThread "JDWP Event Helper Thread" daemon [_thread_blocked, id=5808, stack(0x0000007233500000,0x0000007233600000)]
  0x0000019e53fe9000 JavaThread "JDWP Command Reader" daemon [_thread_in_native, id=1484, stack(0x0000007233600000,0x0000007233700000)]
  0x0000019e53fe4000 JavaThread "Notification Thread" daemon [_thread_blocked, id=11696, stack(0x0000007233300000,0x0000007233400000)]

Other Threads:
=>0x0000019e53467800 VMThread "VM Thread" [stack: 0x0000007232900000,0x0000007232a00000] [id=11644]
  0x0000019e54098800 WatcherThread [stack: 0x0000007233700000,0x0000007233800000] [id=4740]
  0x0000019e32460000 GCTaskThread "GC Thread#0" [stack: 0x0000007232400000,0x0000007232500000] [id=12188]
  0x0000019e32472000 ConcurrentGCThread "G1 Main Marker" [stack: 0x0000007232500000,0x0000007232600000] [id=13280]
  0x0000019e32473800 ConcurrentGCThread "G1 Conc#0" [stack: 0x0000007232600000,0x0000007232700000] [id=12532]
  0x0000019e532d9800 ConcurrentGCThread "G1 Refine#0" [stack: 0x0000007232700000,0x0000007232800000] [id=10780]
  0x0000019e532da000 ConcurrentGCThread "G1 Young RemSet Sampling" [stack: 0x0000007232800000,0x0000007232900000] [id=516]

Threads with active compile tasks:

VM state:at safepoint (normal execution)

VM Mutex/Monitor currently owned by a thread:  ([mutex/lock_event])
[0x0000019e324169e0] Threads_lock - owner thread: 0x0000019e53467800

Heap address: 0x0000000081c00000, size: 2020 MB, Compressed Oops mode: 32-bit
Narrow klass base: 0x0000000800000000, Narrow klass shift: 3
Compressed class space size: 1073741824 Address: 0x0000000800b30000

Heap:
 garbage-first heap   total 131072K, used 4096K [0x0000000081c00000, 0x0000000100000000)
  region size 1024K, 5 young (5120K), 0 survivors (0K)
 Metaspace       used 2685K, capacity 4845K, committed 5120K, reserved 1056768K
  class space    used 255K, capacity 443K, committed 512K, reserved 1048576K
Heap Regions: E=young(eden), S=young(survivor), O=old, HS=humongous(starts), HC=humongous(continues), CS=collection set, F=free, OA=open archive, CA=closed archive, TAMS=top-at-mark-start (previous, next)
|   0|0x0000000081c00000, 0x0000000081c00000, 0x0000000081d00000|  0%| F|  |TAMS 0x0000000081c00000, 0x0000000081c00000| Untracked 
|   1|0x0000000081d00000, 0x0000000081d00000, 0x0000000081e00000|  0%| F|  |TAMS 0x0000000081d00000, 0x0000000081d00000| Untracked 
|   2|0x0000000081e00000, 0x0000000081e00000, 0x0000000081f00000|  0%| F|  |TAMS 0x0000000081e00000, 0x0000000081e00000| Untracked 
|   3|0x0000000081f00000, 0x0000000081f00000, 0x0000000082000000|  0%| F|  |TAMS 0x0000000081f00000, 0x0000000081f00000| Untracked 
|   4|0x0000000082000000, 0x0000000082000000, 0x0000000082100000|  0%| F|  |TAMS 0x0000000082000000, 0x0000000082000000| Untracked 
|   5|0x0000000082100000, 0x0000000082100000, 0x0000000082200000|  0%| F|  |TAMS 0x0000000082100000, 0x0000000082100000| Untracked 
|   6|0x0000000082200000, 0x0000000082200000, 0x0000000082300000|  0%| F|  |TAMS 0x0000000082200000, 0x0000000082200000| Untracked 
|   7|0x0000000082300000, 0x0000000082300000, 0x0000000082400000|  0%| F|  |TAMS 0x0000000082300000, 0x0000000082300000| Untracked 
|   8|0x0000000082400000, 0x0000000082400000, 0x0000000082500000|  0%| F|  |TAMS 0x0000000082400000, 0x0000000082400000| Untracked 
|   9|0x0000000082500000, 0x0000000082500000, 0x0000000082600000|  0%| F|  |TAMS 0x0000000082500000, 0x0000000082500000| Untracked 
|  10|0x0000000082600000, 0x0000000082600000, 0x0000000082700000|  0%| F|  |TAMS 0x0000000082600000, 0x0000000082600000| Untracked 
|  11|0x0000000082700000, 0x0000000082700000, 0x0000000082800000|  0%| F|  |TAMS 0x0000000082700000, 0x0000000082700000| Untracked 
|  12|0x0000000082800000, 0x0000000082800000, 0x0000000082900000|  0%| F|  |TAMS 0x0000000082800000, 0x0000000082800000| Untracked 
|  13|0x0000000082900000, 0x0000000082900000, 0x0000000082a00000|  0%| F|  |TAMS 0x0000000082900000, 0x0000000082900000| Untracked 
|  14|0x0000000082a00000, 0x0000000082a00000, 0x0000000082b00000|  0%| F|  |TAMS 0x0000000082a00000, 0x0000000082a00000| Untracked 
|  15|0x0000000082b00000, 0x0000000082b00000, 0x0000000082c00000|  0%| F|  |TAMS 0x0000000082b00000, 0x0000000082b00000| Untracked 
|  16|0x0000000082c00000, 0x0000000082c00000, 0x0000000082d00000|  0%| F|  |TAMS 0x0000000082c00000, 0x0000000082c00000| Untracked 
|  17|0x0000000082d00000, 0x0000000082d00000, 0x0000000082e00000|  0%| F|  |TAMS 0x0000000082d00000, 0x0000000082d00000| Untracked 
|  18|0x0000000082e00000, 0x0000000082e00000, 0x0000000082f00000|  0%| F|  |TAMS 0x0000000082e00000, 0x0000000082e00000| Untracked 
|  19|0x0000000082f00000, 0x0000000082f00000, 0x0000000083000000|  0%| F|  |TAMS 0x0000000082f00000, 0x0000000082f00000| Untracked 
|  20|0x0000000083000000, 0x0000000083000000, 0x0000000083100000|  0%| F|  |TAMS 0x0000000083000000, 0x0000000083000000| Untracked 
|  21|0x0000000083100000, 0x0000000083100000, 0x0000000083200000|  0%| F|  |TAMS 0x0000000083100000, 0x0000000083100000| Untracked 
|  22|0x0000000083200000, 0x0000000083200000, 0x0000000083300000|  0%| F|  |TAMS 0x0000000083200000, 0x0000000083200000| Untracked 
|  23|0x0000000083300000, 0x0000000083300000, 0x0000000083400000|  0%| F|  |TAMS 0x0000000083300000, 0x0000000083300000| Untracked 
|  24|0x0000000083400000, 0x0000000083400000, 0x0000000083500000|  0%| F|  |TAMS 0x0000000083400000, 0x0000000083400000| Untracked 
|  25|0x0000000083500000, 0x0000000083500000, 0x0000000083600000|  0%| F|  |TAMS 0x0000000083500000, 0x0000000083500000| Untracked 
|  26|0x0000000083600000, 0x0000000083600000, 0x0000000083700000|  0%| F|  |TAMS 0x0000000083600000, 0x0000000083600000| Untracked 
|  27|0x0000000083700000, 0x0000000083700000, 0x0000000083800000|  0%| F|  |TAMS 0x0000000083700000, 0x0000000083700000| Untracked 
|  28|0x0000000083800000, 0x0000000083800000, 0x0000000083900000|  0%| F|  |TAMS 0x0000000083800000, 0x0000000083800000| Untracked 
|  29|0x0000000083900000, 0x0000000083900000, 0x0000000083a00000|  0%| F|  |TAMS 0x0000000083900000, 0x0000000083900000| Untracked 
|  30|0x0000000083a00000, 0x0000000083a00000, 0x0000000083b00000|  0%| F|  |TAMS 0x0000000083a00000, 0x0000000083a00000| Untracked 
|  31|0x0000000083b00000, 0x0000000083b00000, 0x0000000083c00000|  0%| F|  |TAMS 0x0000000083b00000, 0x0000000083b00000| Untracked 
|  32|0x0000000083c00000, 0x0000000083c00000, 0x0000000083d00000|  0%| F|  |TAMS 0x0000000083c00000, 0x0000000083c00000| Untracked 
|  33|0x0000000083d00000, 0x0000000083d00000, 0x0000000083e00000|  0%| F|  |TAMS 0x0000000083d00000, 0x0000000083d00000| Untracked 
|  34|0x0000000083e00000, 0x0000000083e00000, 0x0000000083f00000|  0%| F|  |TAMS 0x0000000083e00000, 0x0000000083e00000| Untracked 
|  35|0x0000000083f00000, 0x0000000083f00000, 0x0000000084000000|  0%| F|  |TAMS 0x0000000083f00000, 0x0000000083f00000| Untracked 
|  36|0x0000000084000000, 0x0000000084000000, 0x0000000084100000|  0%| F|  |TAMS 0x0000000084000000, 0x0000000084000000| Untracked 
|  37|0x0000000084100000, 0x0000000084100000, 0x0000000084200000|  0%| F|  |TAMS 0x0000000084100000, 0x0000000084100000| Untracked 
|  38|0x0000000084200000, 0x0000000084200000, 0x0000000084300000|  0%| F|  |TAMS 0x0000000084200000, 0x0000000084200000| Untracked 
|  39|0x0000000084300000, 0x0000000084300000, 0x0000000084400000|  0%| F|  |TAMS 0x0000000084300000, 0x0000000084300000| Untracked 
|  40|0x0000000084400000, 0x0000000084400000, 0x0000000084500000|  0%| F|  |TAMS 0x0000000084400000, 0x0000000084400000| Untracked 
|  41|0x0000000084500000, 0x0000000084500000, 0x0000000084600000|  0%| F|  |TAMS 0x0000000084500000, 0x0000000084500000| Untracked 
|  42|0x0000000084600000, 0x0000000084600000, 0x0000000084700000|  0%| F|  |TAMS 0x0000000084600000, 0x0000000084600000| Untracked 
|  43|0x0000000084700000, 0x0000000084700000, 0x0000000084800000|  0%| F|  |TAMS 0x0000000084700000, 0x0000000084700000| Untracked 
|  44|0x0000000084800000, 0x0000000084800000, 0x0000000084900000|  0%| F|  |TAMS 0x0000000084800000, 0x0000000084800000| Untracked 
|  45|0x0000000084900000, 0x0000000084900000, 0x0000000084a00000|  0%| F|  |TAMS 0x0000000084900000, 0x0000000084900000| Untracked 
|  46|0x0000000084a00000, 0x0000000084a00000, 0x0000000084b00000|  0%| F|  |TAMS 0x0000000084a00000, 0x0000000084a00000| Untracked 
|  47|0x0000000084b00000, 0x0000000084b00000, 0x0000000084c00000|  0%| F|  |TAMS 0x0000000084b00000, 0x0000000084b00000| Untracked 
|  48|0x0000000084c00000, 0x0000000084c00000, 0x0000000084d00000|  0%| F|  |TAMS 0x0000000084c00000, 0x0000000084c00000| Untracked 
|  49|0x0000000084d00000, 0x0000000084d00000, 0x0000000084e00000|  0%| F|  |TAMS 0x0000000084d00000, 0x0000000084d00000| Untracked 
|  50|0x0000000084e00000, 0x0000000084e00000, 0x0000000084f00000|  0%| F|  |TAMS 0x0000000084e00000, 0x0000000084e00000| Untracked 
|  51|0x0000000084f00000, 0x0000000084f00000, 0x0000000085000000|  0%| F|  |TAMS 0x0000000084f00000, 0x0000000084f00000| Untracked 
|  52|0x0000000085000000, 0x0000000085000000, 0x0000000085100000|  0%| F|  |TAMS 0x0000000085000000, 0x0000000085000000| Untracked 
|  53|0x0000000085100000, 0x0000000085100000, 0x0000000085200000|  0%| F|  |TAMS 0x0000000085100000, 0x0000000085100000| Untracked 
|  54|0x0000000085200000, 0x0000000085200000, 0x0000000085300000|  0%| F|  |TAMS 0x0000000085200000, 0x0000000085200000| Untracked 
|  55|0x0000000085300000, 0x0000000085300000, 0x0000000085400000|  0%| F|  |TAMS 0x0000000085300000, 0x0000000085300000| Untracked 
|  56|0x0000000085400000, 0x0000000085400000, 0x0000000085500000|  0%| F|  |TAMS 0x0000000085400000, 0x0000000085400000| Untracked 
|  57|0x0000000085500000, 0x0000000085500000, 0x0000000085600000|  0%| F|  |TAMS 0x0000000085500000, 0x0000000085500000| Untracked 
|  58|0x0000000085600000, 0x0000000085600000, 0x0000000085700000|  0%| F|  |TAMS 0x0000000085600000, 0x0000000085600000| Untracked 
|  59|0x0000000085700000, 0x0000000085700000, 0x0000000085800000|  0%| F|  |TAMS 0x0000000085700000, 0x0000000085700000| Untracked 
|  60|0x0000000085800000, 0x0000000085800000, 0x0000000085900000|  0%| F|  |TAMS 0x0000000085800000, 0x0000000085800000| Untracked 
|  61|0x0000000085900000, 0x0000000085900000, 0x0000000085a00000|  0%| F|  |TAMS 0x0000000085900000, 0x0000000085900000| Untracked 
|  62|0x0000000085a00000, 0x0000000085a00000, 0x0000000085b00000|  0%| F|  |TAMS 0x0000000085a00000, 0x0000000085a00000| Untracked 
|  63|0x0000000085b00000, 0x0000000085b00000, 0x0000000085c00000|  0%| F|  |TAMS 0x0000000085b00000, 0x0000000085b00000| Untracked 
|  64|0x0000000085c00000, 0x0000000085c00000, 0x0000000085d00000|  0%| F|  |TAMS 0x0000000085c00000, 0x0000000085c00000| Untracked 
|  65|0x0000000085d00000, 0x0000000085d00000, 0x0000000085e00000|  0%| F|  |TAMS 0x0000000085d00000, 0x0000000085d00000| Untracked 
|  66|0x0000000085e00000, 0x0000000085e00000, 0x0000000085f00000|  0%| F|  |TAMS 0x0000000085e00000, 0x0000000085e00000| Untracked 
|  67|0x0000000085f00000, 0x0000000085f00000, 0x0000000086000000|  0%| F|  |TAMS 0x0000000085f00000, 0x0000000085f00000| Untracked 
|  68|0x0000000086000000, 0x0000000086000000, 0x0000000086100000|  0%| F|  |TAMS 0x0000000086000000, 0x0000000086000000| Untracked 
|  69|0x0000000086100000, 0x0000000086100000, 0x0000000086200000|  0%| F|  |TAMS 0x0000000086100000, 0x0000000086100000| Untracked 
|  70|0x0000000086200000, 0x0000000086200000, 0x0000000086300000|  0%| F|  |TAMS 0x0000000086200000, 0x0000000086200000| Untracked 
|  71|0x0000000086300000, 0x0000000086300000, 0x0000000086400000|  0%| F|  |TAMS 0x0000000086300000, 0x0000000086300000| Untracked 
|  72|0x0000000086400000, 0x0000000086400000, 0x0000000086500000|  0%| F|  |TAMS 0x0000000086400000, 0x0000000086400000| Untracked 
|  73|0x0000000086500000, 0x0000000086500000, 0x0000000086600000|  0%| F|  |TAMS 0x0000000086500000, 0x0000000086500000| Untracked 
|  74|0x0000000086600000, 0x0000000086600000, 0x0000000086700000|  0%| F|  |TAMS 0x0000000086600000, 0x0000000086600000| Untracked 
|  75|0x0000000086700000, 0x0000000086700000, 0x0000000086800000|  0%| F|  |TAMS 0x0000000086700000, 0x0000000086700000| Untracked 
|  76|0x0000000086800000, 0x0000000086800000, 0x0000000086900000|  0%| F|  |TAMS 0x0000000086800000, 0x0000000086800000| Untracked 
|  77|0x0000000086900000, 0x0000000086900000, 0x0000000086a00000|  0%| F|  |TAMS 0x0000000086900000, 0x0000000086900000| Untracked 
|  78|0x0000000086a00000, 0x0000000086a00000, 0x0000000086b00000|  0%| F|  |TAMS 0x0000000086a00000, 0x0000000086a00000| Untracked 
|  79|0x0000000086b00000, 0x0000000086b00000, 0x0000000086c00000|  0%| F|  |TAMS 0x0000000086b00000, 0x0000000086b00000| Untracked 
|  80|0x0000000086c00000, 0x0000000086c00000, 0x0000000086d00000|  0%| F|  |TAMS 0x0000000086c00000, 0x0000000086c00000| Untracked 
|  81|0x0000000086d00000, 0x0000000086d00000, 0x0000000086e00000|  0%| F|  |TAMS 0x0000000086d00000, 0x0000000086d00000| Untracked 
|  82|0x0000000086e00000, 0x0000000086e00000, 0x0000000086f00000|  0%| F|  |TAMS 0x0000000086e00000, 0x0000000086e00000| Untracked 
|  83|0x0000000086f00000, 0x0000000086f00000, 0x0000000087000000|  0%| F|  |TAMS 0x0000000086f00000, 0x0000000086f00000| Untracked 
|  84|0x0000000087000000, 0x0000000087000000, 0x0000000087100000|  0%| F|  |TAMS 0x0000000087000000, 0x0000000087000000| Untracked 
|  85|0x0000000087100000, 0x0000000087100000, 0x0000000087200000|  0%| F|  |TAMS 0x0000000087100000, 0x0000000087100000| Untracked 
|  86|0x0000000087200000, 0x0000000087200000, 0x0000000087300000|  0%| F|  |TAMS 0x0000000087200000, 0x0000000087200000| Untracked 
|  87|0x0000000087300000, 0x0000000087300000, 0x0000000087400000|  0%| F|  |TAMS 0x0000000087300000, 0x0000000087300000| Untracked 
|  88|0x0000000087400000, 0x0000000087400000, 0x0000000087500000|  0%| F|  |TAMS 0x0000000087400000, 0x0000000087400000| Untracked 
|  89|0x0000000087500000, 0x0000000087500000, 0x0000000087600000|  0%| F|  |TAMS 0x0000000087500000, 0x0000000087500000| Untracked 
|  90|0x0000000087600000, 0x0000000087600000, 0x0000000087700000|  0%| F|  |TAMS 0x0000000087600000, 0x0000000087600000| Untracked 
|  91|0x0000000087700000, 0x0000000087700000, 0x0000000087800000|  0%| F|  |TAMS 0x0000000087700000, 0x0000000087700000| Untracked 
|  92|0x0000000087800000, 0x0000000087800000, 0x0000000087900000|  0%| F|  |TAMS 0x0000000087800000, 0x0000000087800000| Untracked 
|  93|0x0000000087900000, 0x0000000087900000, 0x0000000087a00000|  0%| F|  |TAMS 0x0000000087900000, 0x0000000087900000| Untracked 
|  94|0x0000000087a00000, 0x0000000087a00000, 0x0000000087b00000|  0%| F|  |TAMS 0x0000000087a00000, 0x0000000087a00000| Untracked 
|  95|0x0000000087b00000, 0x0000000087b00000, 0x0000000087c00000|  0%| F|  |TAMS 0x0000000087b00000, 0x0000000087b00000| Untracked 
|  96|0x0000000087c00000, 0x0000000087c00000, 0x0000000087d00000|  0%| F|  |TAMS 0x0000000087c00000, 0x0000000087c00000| Untracked 
|  97|0x0000000087d00000, 0x0000000087d00000, 0x0000000087e00000|  0%| F|  |TAMS 0x0000000087d00000, 0x0000000087d00000| Untracked 
|  98|0x0000000087e00000, 0x0000000087e00000, 0x0000000087f00000|  0%| F|  |TAMS 0x0000000087e00000, 0x0000000087e00000| Untracked 
|  99|0x0000000087f00000, 0x0000000087f00000, 0x0000000088000000|  0%| F|  |TAMS 0x0000000087f00000, 0x0000000087f00000| Untracked 
| 100|0x0000000088000000, 0x0000000088000000, 0x0000000088100000|  0%| F|  |TAMS 0x0000000088000000, 0x0000000088000000| Untracked 
| 101|0x0000000088100000, 0x0000000088100000, 0x0000000088200000|  0%| F|  |TAMS 0x0000000088100000, 0x0000000088100000| Untracked 
| 102|0x0000000088200000, 0x0000000088200000, 0x0000000088300000|  0%| F|  |TAMS 0x0000000088200000, 0x0000000088200000| Untracked 
| 103|0x0000000088300000, 0x0000000088300000, 0x0000000088400000|  0%| F|  |TAMS 0x0000000088300000, 0x0000000088300000| Untracked 
| 104|0x0000000088400000, 0x0000000088400000, 0x0000000088500000|  0%| F|  |TAMS 0x0000000088400000, 0x0000000088400000| Untracked 
| 105|0x0000000088500000, 0x0000000088500000, 0x0000000088600000|  0%| F|  |TAMS 0x0000000088500000, 0x0000000088500000| Untracked 
| 106|0x0000000088600000, 0x0000000088600000, 0x0000000088700000|  0%| F|  |TAMS 0x0000000088600000, 0x0000000088600000| Untracked 
| 107|0x0000000088700000, 0x0000000088700000, 0x0000000088800000|  0%| F|  |TAMS 0x0000000088700000, 0x0000000088700000| Untracked 
| 108|0x0000000088800000, 0x0000000088800000, 0x0000000088900000|  0%| F|  |TAMS 0x0000000088800000, 0x0000000088800000| Untracked 
| 109|0x0000000088900000, 0x0000000088900000, 0x0000000088a00000|  0%| F|  |TAMS 0x0000000088900000, 0x0000000088900000| Untracked 
| 110|0x0000000088a00000, 0x0000000088a00000, 0x0000000088b00000|  0%| F|  |TAMS 0x0000000088a00000, 0x0000000088a00000| Untracked 
| 111|0x0000000088b00000, 0x0000000088b00000, 0x0000000088c00000|  0%| F|  |TAMS 0x0000000088b00000, 0x0000000088b00000| Untracked 
| 112|0x0000000088c00000, 0x0000000088c00000, 0x0000000088d00000|  0%| F|  |TAMS 0x0000000088c00000, 0x0000000088c00000| Untracked 
| 113|0x0000000088d00000, 0x0000000088d00000, 0x0000000088e00000|  0%| F|  |TAMS 0x0000000088d00000, 0x0000000088d00000| Untracked 
| 114|0x0000000088e00000, 0x0000000088e00000, 0x0000000088f00000|  0%| F|  |TAMS 0x0000000088e00000, 0x0000000088e00000| Untracked 
| 115|0x0000000088f00000, 0x0000000088f00000, 0x0000000089000000|  0%| F|  |TAMS 0x0000000088f00000, 0x0000000088f00000| Untracked 
| 116|0x0000000089000000, 0x0000000089000000, 0x0000000089100000|  0%| F|  |TAMS 0x0000000089000000, 0x0000000089000000| Untracked 
| 117|0x0000000089100000, 0x0000000089100000, 0x0000000089200000|  0%| F|  |TAMS 0x0000000089100000, 0x0000000089100000| Untracked 
| 118|0x0000000089200000, 0x0000000089200000, 0x0000000089300000|  0%| F|  |TAMS 0x0000000089200000, 0x0000000089200000| Untracked 
| 119|0x0000000089300000, 0x0000000089300000, 0x0000000089400000|  0%| F|  |TAMS 0x0000000089300000, 0x0000000089300000| Untracked 
| 120|0x0000000089400000, 0x0000000089400000, 0x0000000089500000|  0%| F|  |TAMS 0x0000000089400000, 0x0000000089400000| Untracked 
| 121|0x0000000089500000, 0x0000000089500000, 0x0000000089600000|  0%| F|  |TAMS 0x0000000089500000, 0x0000000089500000| Untracked 
| 122|0x0000000089600000, 0x0000000089600000, 0x0000000089700000|  0%| F|  |TAMS 0x0000000089600000, 0x0000000089600000| Untracked 
| 123|0x0000000089700000, 0x00000000897f0948, 0x0000000089800000| 93%| E|  |TAMS 0x0000000089700000, 0x0000000089700000| Complete 
| 124|0x0000000089800000, 0x0000000089900000, 0x0000000089900000|100%| E|CS|TAMS 0x0000000089800000, 0x0000000089800000| Complete 
| 125|0x0000000089900000, 0x0000000089a00000, 0x0000000089a00000|100%| E|CS|TAMS 0x0000000089900000, 0x0000000089900000| Complete 
| 126|0x0000000089a00000, 0x0000000089b00000, 0x0000000089b00000|100%| E|CS|TAMS 0x0000000089a00000, 0x0000000089a00000| Complete 
| 127|0x0000000089b00000, 0x0000000089c00000, 0x0000000089c00000|100%| E|CS|TAMS 0x0000000089b00000, 0x0000000089b00000| Complete 

Card table byte_map: [0x0000019e4c260000,0x0000019e4c660000] _byte_map_base: 0x0000019e4be52000

Marking Bits (Prev, Next): (CMBitMap*) 0x0000019e324617c8, (CMBitMap*) 0x0000019e32461808
 Prev Bits: [0x0000019e4ca60000, 0x0000019e4e9f0000)
 Next Bits: [0x0000019e4e9f0000, 0x0000019e50980000)

Polling page: 0x0000019e32500000

Metaspace:

Usage:
  Non-class:      4.30 MB capacity,     2.37 MB ( 55%) used,     1.92 MB ( 45%) free+waste,     2.69 KB ( <1%) overhead. 
      Class:    443.00 KB capacity,   255.82 KB ( 58%) used,   185.62 KB ( 42%) free+waste,     1.56 KB ( <1%) overhead. 
       Both:      4.73 MB capacity,     2.62 MB ( 55%) used,     2.11 MB ( 44%) free+waste,     4.25 KB ( <1%) overhead. 

Virtual space:
  Non-class space:        8.00 MB reserved,       4.50 MB ( 56%) committed 
      Class space:        1.00 GB reserved,     512.00 KB ( <1%) committed 
             Both:        1.01 GB reserved,       5.00 MB ( <1%) committed 

Chunk freelists:
   Non-Class:  14.00 KB
       Class:  5.00 KB
        Both:  19.00 KB

MaxMetaspaceSize: 17179869184.00 GB
CompressedClassSpaceSize: 1.00 GB

CodeHeap 'non-profiled nmethods': size=120000Kb used=126Kb max_used=126Kb free=119873Kb
 bounds [0x0000019e43ec0000, 0x0000019e44130000, 0x0000019e4b3f0000]
CodeHeap 'profiled nmethods': size=120000Kb used=555Kb max_used=555Kb free=119444Kb
 bounds [0x0000019e3c990000, 0x0000019e3cc00000, 0x0000019e43ec0000]
CodeHeap 'non-nmethods': size=5760Kb used=1225Kb max_used=1241Kb free=4534Kb
 bounds [0x0000019e3c3f0000, 0x0000019e3c660000, 0x0000019e3c990000]
 total_blobs=1174 nmethods=398 adapters=299
 compilation: enabled
              stopped_count=0, restarted_count=0
 full_count=0

Compilation events (20 events):
Event: 0.620 Thread 0x0000019e53dba800  390  s    1       java.util.Vector::size (5 bytes)
Event: 0.620 Thread 0x0000019e53dba800 nmethod 390 0x0000019e43edf590 code [0x0000019e43edf720, 0x0000019e43edf998]
Event: 270.902 Thread 0x0000019e53dba800  391       3       java.lang.String::<init> (74 bytes)
Event: 270.902 Thread 0x0000019e53dba800 nmethod 391 0x0000019e3ca17590 code [0x0000019e3ca17780, 0x0000019e3ca17e38]
Event: 270.902 Thread 0x0000019e53dba800  392       3       org.eclipse.jdt.launching.internal.org.objectweb.asm.ClassReader::readUtf (44 bytes)
Event: 270.905 Thread 0x0000019e53dba800 nmethod 392 0x0000019e3ca18110 code [0x0000019e3ca182e0, 0x0000019e3ca187c8]
Event: 270.905 Thread 0x0000019e53dba800  393       3       java.lang.StringUTF16::compress (20 bytes)
Event: 270.905 Thread 0x0000019e53dba800 nmethod 393 0x0000019e3ca18a10 code [0x0000019e3ca18bc0, 0x0000019e3ca18de8]
Event: 270.905 Thread 0x0000019e53dba800  394       3       org.eclipse.jdt.launching.internal.org.objectweb.asm.ClassReader::readUTF8 (23 bytes)
Event: 270.905 Thread 0x0000019e53dba800 nmethod 394 0x0000019e3ca18e90 code [0x0000019e3ca19040, 0x0000019e3ca19308]
Event: 541.541 Thread 0x0000019e53dba800  395       3       org.eclipse.jdt.launching.internal.org.objectweb.asm.SymbolTable::hash (10 bytes)
Event: 541.541 Thread 0x0000019e53dba800 nmethod 395 0x0000019e3ca19490 code [0x0000019e3ca19640, 0x0000019e3ca19768]
Event: 541.541 Thread 0x0000019e53dba800  396       3       org.eclipse.jdt.launching.internal.org.objectweb.asm.ClassReader::getItem (7 bytes)
Event: 541.541 Thread 0x0000019e53dba800 nmethod 396 0x0000019e3ca19890 code [0x0000019e3ca19a20, 0x0000019e3ca19b78]
Event: 541.541 Thread 0x0000019e53dba800  397       3       org.eclipse.jdt.launching.internal.org.objectweb.asm.SymbolTable$Entry::<init> (17 bytes)
Event: 541.542 Thread 0x0000019e53dba800 nmethod 397 0x0000019e3ca19c90 code [0x0000019e3ca19e40, 0x0000019e3ca19fe8]
Event: 541.542 Thread 0x0000019e53dba800  398       3       org.eclipse.jdt.launching.internal.org.objectweb.asm.Symbol::<init> (38 bytes)
Event: 541.543 Thread 0x0000019e53dba800 nmethod 398 0x0000019e3ca1a090 code [0x0000019e3ca1a240, 0x0000019e3ca1a4f8]
Event: 541.544 Thread 0x0000019e53dba800  399       3       org.eclipse.jdt.launching.internal.org.objectweb.asm.SymbolTable::add (39 bytes)
Event: 541.544 Thread 0x0000019e53dba800 nmethod 399 0x0000019e3ca1a610 code [0x0000019e3ca1a7c0, 0x0000019e3ca1ab38]

GC Heap History (0 events):
No events

Deoptimization events (20 events):
Event: 0.597 Thread 0x0000019e3241c800 DEOPT PACKING pc=0x0000019e3c9ffb4c sp=0x00000072323f7df0
Event: 0.597 Thread 0x0000019e3241c800 DEOPT UNPACKING pc=0x0000019e3c43964e sp=0x00000072323f72b8 mode 0
Event: 0.599 Thread 0x0000019e3241c800 DEOPT PACKING pc=0x0000019e3c9ffb4c sp=0x00000072323f7df0
Event: 0.599 Thread 0x0000019e3241c800 DEOPT UNPACKING pc=0x0000019e3c43964e sp=0x00000072323f72b8 mode 0
Event: 0.599 Thread 0x0000019e3241c800 DEOPT PACKING pc=0x0000019e3c9ffb4c sp=0x00000072323f7df0
Event: 0.599 Thread 0x0000019e3241c800 DEOPT UNPACKING pc=0x0000019e3c43964e sp=0x00000072323f72b8 mode 0
Event: 0.599 Thread 0x0000019e3241c800 DEOPT PACKING pc=0x0000019e3c9ffb4c sp=0x00000072323f7df0
Event: 0.599 Thread 0x0000019e3241c800 DEOPT UNPACKING pc=0x0000019e3c43964e sp=0x00000072323f72b8 mode 0
Event: 0.602 Thread 0x0000019e3241c800 DEOPT PACKING pc=0x0000019e3c9ffb4c sp=0x00000072323fb8d0
Event: 0.602 Thread 0x0000019e3241c800 DEOPT UNPACKING pc=0x0000019e3c43964e sp=0x00000072323fad98 mode 0
Event: 0.602 Thread 0x0000019e3241c800 DEOPT PACKING pc=0x0000019e3c9ffb4c sp=0x00000072323fb8d0
Event: 0.602 Thread 0x0000019e3241c800 DEOPT UNPACKING pc=0x0000019e3c43964e sp=0x00000072323fad98 mode 0
Event: 0.602 Thread 0x0000019e3241c800 DEOPT PACKING pc=0x0000019e3c9ffb4c sp=0x00000072323fb8d0
Event: 0.602 Thread 0x0000019e3241c800 DEOPT UNPACKING pc=0x0000019e3c43964e sp=0x00000072323fad98 mode 0
Event: 0.612 Thread 0x0000019e3241c800 DEOPT PACKING pc=0x0000019e3c9ffb4c sp=0x00000072323f79e0
Event: 0.612 Thread 0x0000019e3241c800 DEOPT UNPACKING pc=0x0000019e3c43964e sp=0x00000072323f6ea8 mode 0
Event: 0.612 Thread 0x0000019e3241c800 DEOPT PACKING pc=0x0000019e3c9ffb4c sp=0x00000072323f79e0
Event: 0.612 Thread 0x0000019e3241c800 DEOPT UNPACKING pc=0x0000019e3c43964e sp=0x00000072323f6ea8 mode 0
Event: 0.612 Thread 0x0000019e3241c800 DEOPT PACKING pc=0x0000019e3c9ffb4c sp=0x00000072323f79e0
Event: 0.612 Thread 0x0000019e3241c800 DEOPT UNPACKING pc=0x0000019e3c43964e sp=0x00000072323f6ea8 mode 0

Classes unloaded (0 events):
No events

Classes redefined (4 events):
Event: 270.904 Thread 0x0000019e53467800 redefined class name=questions.Pair, count=1
Event: 270.904 Thread 0x0000019e53467800 redefined class name=questions.Slidingwindowmax, count=1
Event: 541.542 Thread 0x0000019e53467800 redefined class name=questions.Pair, count=2
Event: 541.542 Thread 0x0000019e53467800 redefined class name=questions.Slidingwindowmax, count=2

Internal exceptions (0 events):
No events

Events (20 events):
Event: 271.383 Executing VM operation: GetFrameCount done
Event: 271.384 Executing VM operation: GetOwnedMonitorInfo
Event: 271.384 Executing VM operation: GetOwnedMonitorInfo done
Event: 271.384 Executing VM operation: GetCurrentContendedMonitor
Event: 271.384 Executing VM operation: GetCurrentContendedMonitor done
Event: 541.535 Executing VM operation: GetCurrentLocation
Event: 541.536 Executing VM operation: GetCurrentLocation done
Event: 541.536 Executing VM operation: ChangeSingleStep
Event: 541.536 Executing VM operation: ChangeSingleStep done
Event: 541.536 Executing VM operation: UpdateForPopTopFrame
Event: 541.536 Executing VM operation: UpdateForPopTopFrame done
Event: 541.536 Executing VM operation: ChangeSingleStep
Event: 541.536 Executing VM operation: ChangeSingleStep done
Event: 541.537 Executing VM operation: GetFrameCount
Event: 541.537 Executing VM operation: GetFrameCount done
Event: 541.537 Executing VM operation: GetStackTrace
Event: 541.537 Executing VM operation: GetStackTrace done
Event: 541.542 Executing VM operation: RedefineClasses
Event: 541.543 Executing VM operation: RedefineClasses done
Event: 541.549 Executing VM operation: ChangeBreakpoints


Dynamic libraries:
0x00007ff64f630000 - 0x00007ff64f63f000 	C:\Program Files\Java\jdk-14.0.1\bin\javaw.exe
0x00007ffb48f10000 - 0x00007ffb49105000 	C:\WINDOWS\SYSTEM32\ntdll.dll
0x00007ffb48540000 - 0x00007ffb485fe000 	C:\WINDOWS\System32\KERNEL32.DLL
0x00007ffb46800000 - 0x00007ffb46ac8000 	C:\WINDOWS\System32\KERNELBASE.dll
0x00007ffb46bb0000 - 0x00007ffb46cb0000 	C:\WINDOWS\System32\ucrtbase.dll
0x00007ffb418b0000 - 0x00007ffb418c8000 	C:\Program Files\Java\jdk-14.0.1\bin\jli.dll
0x00007ffb41890000 - 0x00007ffb418a5000 	C:\Program Files\Java\jdk-14.0.1\bin\VCRUNTIME140.dll
0x00007ffb487f0000 - 0x00007ffb4889e000 	C:\WINDOWS\System32\ADVAPI32.dll
0x00007ffb48670000 - 0x00007ffb4870e000 	C:\WINDOWS\System32\msvcrt.dll
0x00007ffb47cd0000 - 0x00007ffb47d6c000 	C:\WINDOWS\System32\sechost.dll
0x00007ffb47d70000 - 0x00007ffb47e95000 	C:\WINDOWS\System32\RPCRT4.dll
0x00007ffb476a0000 - 0x00007ffb47841000 	C:\WINDOWS\System32\USER32.dll
0x00007ffb46620000 - 0x00007ffb46642000 	C:\WINDOWS\System32\win32u.dll
0x00007ffb47fa0000 - 0x00007ffb47fcb000 	C:\WINDOWS\System32\GDI32.dll
0x00007ffb46e40000 - 0x00007ffb46f4d000 	C:\WINDOWS\System32\gdi32full.dll
0x00007ffb29a10000 - 0x00007ffb29caa000 	C:\WINDOWS\WinSxS\amd64_microsoft.windows.common-controls_6595b64144ccf1df_6.0.19041.1110_none_60b5254171f9507e\COMCTL32.dll
0x00007ffb46d10000 - 0x00007ffb46dad000 	C:\WINDOWS\System32\msvcp_win.dll
0x00007ffb3f3b0000 - 0x00007ffb3f3ba000 	C:\WINDOWS\SYSTEM32\VERSION.dll
0x00007ffb48710000 - 0x00007ffb48740000 	C:\WINDOWS\System32\IMM32.DLL
0x00007ffb29ed0000 - 0x00007ffb29f6b000 	C:\Program Files\Java\jdk-14.0.1\bin\msvcp140.dll
0x00007ffb166b0000 - 0x00007ffb171ce000 	C:\Program Files\Java\jdk-14.0.1\bin\server\jvm.dll
0x00007ffb48530000 - 0x00007ffb48538000 	C:\WINDOWS\System32\PSAPI.DLL
0x00007ffb43980000 - 0x00007ffb43989000 	C:\WINDOWS\SYSTEM32\WSOCK32.dll
0x00007ffb2ea90000 - 0x00007ffb2eab7000 	C:\WINDOWS\SYSTEM32\WINMM.dll
0x00007ffb48600000 - 0x00007ffb4866b000 	C:\WINDOWS\System32\WS2_32.dll
0x00007ffb44e90000 - 0x00007ffb44ea2000 	C:\WINDOWS\SYSTEM32\kernel.appcore.dll
0x00007ffb3da30000 - 0x00007ffb3da3a000 	C:\Program Files\Java\jdk-14.0.1\bin\jimage.dll
0x00007ffb44350000 - 0x00007ffb44534000 	C:\WINDOWS\SYSTEM32\DBGHELP.DLL
0x00007ffb3cf50000 - 0x00007ffb3cf7c000 	C:\WINDOWS\SYSTEM32\dbgcore.DLL
0x00007ffb46db0000 - 0x00007ffb46e32000 	C:\WINDOWS\System32\bcryptPrimitives.dll
0x00007ffb3a730000 - 0x00007ffb3a768000 	C:\Program Files\Java\jdk-14.0.1\bin\jdwp.dll
0x00007ffb19eb0000 - 0x00007ffb19ed5000 	C:\Program Files\Java\jdk-14.0.1\bin\java.dll
0x00007ffb41ac0000 - 0x00007ffb41ace000 	C:\Program Files\Java\jdk-14.0.1\bin\instrument.dll
0x00007ffb1c010000 - 0x00007ffb1c026000 	C:\Program Files\Java\jdk-14.0.1\bin\zip.dll
0x00007ffb46f50000 - 0x00007ffb47694000 	C:\WINDOWS\System32\SHELL32.dll
0x00007ffb446f0000 - 0x00007ffb44e85000 	C:\WINDOWS\SYSTEM32\windows.storage.dll
0x00007ffb48b70000 - 0x00007ffb48ec5000 	C:\WINDOWS\System32\combase.dll
0x00007ffb46070000 - 0x00007ffb4609e000 	C:\WINDOWS\SYSTEM32\Wldp.dll
0x00007ffb48740000 - 0x00007ffb487ed000 	C:\WINDOWS\System32\SHCORE.dll
0x00007ffb47fd0000 - 0x00007ffb48025000 	C:\WINDOWS\System32\shlwapi.dll
0x00007ffb46560000 - 0x00007ffb4657f000 	C:\WINDOWS\SYSTEM32\profapi.dll
0x00007ffb41140000 - 0x00007ffb4114b000 	C:\Program Files\Java\jdk-14.0.1\bin\dt_socket.dll
0x00007ffb459f0000 - 0x00007ffb45a2b000 	C:\WINDOWS\SYSTEM32\IPHLPAPI.DLL
0x00007ffb45d00000 - 0x00007ffb45d6a000 	C:\WINDOWS\system32\mswsock.dll
0x00007ffb45a90000 - 0x00007ffb45b5b000 	C:\WINDOWS\SYSTEM32\DNSAPI.dll
0x00007ffb47ea0000 - 0x00007ffb47ea8000 	C:\WINDOWS\System32\NSI.dll
0x00007ffb3aea0000 - 0x00007ffb3aeaa000 	C:\Windows\System32\rasadhlp.dll
0x00007ffb3b440000 - 0x00007ffb3b4bf000 	C:\WINDOWS\System32\fwpuclnt.dll
0x00007ffb46b80000 - 0x00007ffb46ba7000 	C:\WINDOWS\System32\bcrypt.dll
0x00007ffb1bab0000 - 0x00007ffb1bac9000 	C:\Program Files\Java\jdk-14.0.1\bin\net.dll
0x00007ffb3f7e0000 - 0x00007ffb3f8ec000 	C:\WINDOWS\SYSTEM32\WINHTTP.dll
0x00007ffb19e90000 - 0x00007ffb19ea2000 	C:\Program Files\Java\jdk-14.0.1\bin\nio.dll
0x00007ffb1bdd0000 - 0x00007ffb1bde0000 	C:\Program Files\Java\jdk-14.0.1\bin\verify.dll

dbghelp: loaded successfully - version: 4.0.5 - missing functions: none
symbol engine: initialized successfully - sym options: 0x614 - pdb path: .;C:\Program Files\Java\jdk-14.0.1\bin;C:\WINDOWS\SYSTEM32;C:\WINDOWS\WinSxS\amd64_microsoft.windows.common-controls_6595b64144ccf1df_6.0.19041.1110_none_60b5254171f9507e;C:\Program Files\Java\jdk-14.0.1\bin\server

VM Arguments:
jvm_args: -agentlib:jdwp=transport=dt_socket,suspend=y,address=localhost:51976 -javaagent:C:\Users\ASUS\eclipse\java-2020-06\eclipse\configuration\org.eclipse.osgi\222\0\.cp\lib\javaagent-shaded.jar -Dfile.encoding=Cp1252 
java_command: questions.Slidingwindowmax
java_class_path (initial): C:\Users\ASUS\eclipse-workspace\StackS\bin
Launcher Type: SUN_STANDARD

[Global flags]
     intx CICompilerCount                          = 4                                         {product} {ergonomic}
     uint ConcGCThreads                            = 2                                         {product} {ergonomic}
     uint G1ConcRefinementThreads                  = 8                                         {product} {ergonomic}
   size_t G1HeapRegionSize                         = 1048576                                   {product} {ergonomic}
    uintx GCDrainStackTargetSize                   = 64                                        {product} {ergonomic}
   size_t InitialHeapSize                          = 134217728                                 {product} {ergonomic}
   size_t MarkStackSize                            = 4194304                                   {product} {ergonomic}
   size_t MaxHeapSize                              = 2118123520                                {product} {ergonomic}
   size_t MaxNewSize                               = 1270874112                                {product} {ergonomic}
   size_t MinHeapDeltaBytes                        = 1048576                                   {product} {ergonomic}
   size_t MinHeapSize                              = 8388608                                   {product} {ergonomic}
    uintx NonNMethodCodeHeapSize                   = 5839372                                {pd product} {ergonomic}
    uintx NonProfiledCodeHeapSize                  = 122909434                              {pd product} {ergonomic}
    uintx ProfiledCodeHeapSize                     = 122909434                              {pd product} {ergonomic}
    uintx ReservedCodeCacheSize                    = 251658240                              {pd product} {ergonomic}
     bool SegmentedCodeCache                       = true                                      {product} {ergonomic}
   size_t SoftMaxHeapSize                          = 2118123520                             {manageable} {ergonomic}
     bool UseCompressedClassPointers               = true                                 {lp64_product} {ergonomic}
     bool UseCompressedOops                        = true                                 {lp64_product} {ergonomic}
     bool UseG1GC                                  = true                                      {product} {ergonomic}
     bool UseLargePagesIndividualAllocation        = false                                  {pd product} {ergonomic}

Logging:
Log output configuration:
 #0: stdout all=warning uptime,level,tags
 #1: stderr all=off uptime,level,tags

Environment Variables:
PATH=C:/Program Files/Java/jdk-14.0.1/bin/server;C:/Program Files/Java/jdk-14.0.1/bin;C:\Program Files (x86)\Intel\Intel(R) Management Engine Components\iCLS\;C:\Program Files\Intel\Intel(R) Management Engine Components\iCLS\;C:\Windows\system32;C:\Windows;C:\Windows\System32\Wbem;C:\Windows\System32\WindowsPowerShell\v1.0\;C:\Windows\System32\OpenSSH\;C:\Program Files (x86)\NVIDIA Corporation\PhysX\Common;C:\Program Files (x86)\Intel\Intel(R) Management Engine Components\DAL;C:\Program Files\Intel\Intel(R) Management Engine Components\DAL;C:\Program Files (x86)\Intel\Intel(R) Management Engine Components\IPT;C:\Program Files\Intel\Intel(R) Management Engine Components\IPT;C:\Program Files\Intel\WiFi\bin\;C:\Program Files\Common Files\Intel\WirelessCommon\;C:\WINDOWS\system32;C:\WINDOWS;C:\WINDOWS\System32\Wbem;C:\WINDOWS\System32\WindowsPowerShell\v1.0\;C:\WINDOWS\System32\OpenSSH\;C:\MinGW\bin;C:\Program Files\Java\jdk-14.0.1\bin;C:\Program Files\Git\cmd;C:\Program Files\MySQL\MySQL Shell 8.0\bin\;C:\Users\ASUS\AppData\Local\Microsoft\WindowsApps;;C:\Users\ASUS\AppData\Local\Programs\Microsoft VS Code\bin;C:\Users\ASUS\Desktop;
USERNAME=ASUS
OS=Windows_NT
PROCESSOR_IDENTIFIER=Intel64 Family 6 Model 142 Stepping 10, GenuineIntel



---------------  S Y S T E M  ---------------

OS: Windows 10 , 64 bit Build 19041 (10.0.19041.1466)
OS uptime: 5 days 3:11 hours

CPU:total 8 (initial active 8) (4 cores per cpu, 2 threads per core) family 6 model 142 stepping 10, cmov, cx8, fxsr, mmx, sse, sse2, sse3, ssse3, sse4.1, sse4.2, popcnt, avx, avx2, aes, clmul, erms, 3dnowpref, lzcnt, ht, tsc, tscinvbit, bmi1, bmi2, adx, fma

Memory: 4k page, system-wide physical 8073M (3989M free)
TotalPageFile size 11145M (AvailPageFile size 5310M)
current process WorkingSet (physical memory assigned to process): 40M, peak: 43M
current process commit charge ("private bytes"): 216M, peak: 218M

vm_info: Java HotSpot(TM) 64-Bit Server VM (14.0.1+7) for windows-amd64 JRE (14.0.1+7), built on Mar  5 2020 10:30:14 by "mach5one" with MS VC++ 15.9 (VS2017)

END.
